{"C:\\Users\\hp\\Documents\\SAPBTP\\SmartOrder\\srv\\routes\\profile.js": {"path":"C:\\Users\\hp\\Documents\\SAPBTP\\SmartOrder\\srv\\routes\\profile.js","statementMap":{"0":{"start":{"line":17,"column":16},"end":{"line":17,"column":34}},"1":{"start":{"line":18,"column":12},"end":{"line":18,"column":31}},"2":{"start":{"line":19,"column":32},"end":{"line":19,"column":60}},"3":{"start":{"line":24,"column":4},"end":{"line":24,"column":35}},"4":{"start":{"line":25,"column":12},"end":{"line":25,"column":37}},"5":{"start":{"line":27,"column":15},"end":{"line":27,"column":31}},"6":{"start":{"line":32,"column":21},"end":{"line":32,"column":48}},"7":{"start":{"line":33,"column":24},"end":{"line":33,"column":42}},"8":{"start":{"line":34,"column":24},"end":{"line":34,"column":50}},"9":{"start":{"line":35,"column":27},"end":{"line":35,"column":69}},"10":{"start":{"line":36,"column":27},"end":{"line":36,"column":41}},"11":{"start":{"line":37,"column":26},"end":{"line":37,"column":39}},"12":{"start":{"line":38,"column":27},"end":{"line":38,"column":43}},"13":{"start":{"line":39,"column":26},"end":{"line":39,"column":87}},"14":{"start":{"line":40,"column":27},"end":{"line":40,"column":102}},"15":{"start":{"line":42,"column":20},"end":{"line":42,"column":47}},"16":{"start":{"line":48,"column":13},"end":{"line":48,"column":39}},"17":{"start":{"line":49,"column":24},"end":{"line":51,"column":12}},"18":{"start":{"line":53,"column":15},"end":{"line":59,"column":3}},"19":{"start":{"line":61,"column":2},"end":{"line":63,"column":3}},"20":{"start":{"line":62,"column":4},"end":{"line":62,"column":47}},"21":{"start":{"line":66,"column":2},"end":{"line":72,"column":3}},"22":{"start":{"line":67,"column":4},"end":{"line":71,"column":5}},"23":{"start":{"line":68,"column":6},"end":{"line":68,"column":54}},"24":{"start":{"line":70,"column":6},"end":{"line":70,"column":30}},"25":{"start":{"line":75,"column":2},"end":{"line":81,"column":3}},"26":{"start":{"line":76,"column":4},"end":{"line":80,"column":5}},"27":{"start":{"line":77,"column":6},"end":{"line":77,"column":50}},"28":{"start":{"line":79,"column":6},"end":{"line":79,"column":28}},"29":{"start":{"line":84,"column":2},"end":{"line":84,"column":28}},"30":{"start":{"line":86,"column":2},"end":{"line":86,"column":14}},"31":{"start":{"line":90,"column":19},"end":{"line":90,"column":48}},"32":{"start":{"line":92,"column":2},"end":{"line":103,"column":4}},"33":{"start":{"line":110,"column":17},"end":{"line":110,"column":19}},"34":{"start":{"line":112,"column":2},"end":{"line":114,"column":3}},"35":{"start":{"line":113,"column":4},"end":{"line":113,"column":83}},"36":{"start":{"line":116,"column":2},"end":{"line":118,"column":3}},"37":{"start":{"line":117,"column":4},"end":{"line":117,"column":87}},"38":{"start":{"line":120,"column":2},"end":{"line":122,"column":3}},"39":{"start":{"line":121,"column":4},"end":{"line":121,"column":88}},"40":{"start":{"line":124,"column":2},"end":{"line":126,"column":3}},"41":{"start":{"line":125,"column":4},"end":{"line":125,"column":98}},"42":{"start":{"line":128,"column":2},"end":{"line":130,"column":3}},"43":{"start":{"line":129,"column":4},"end":{"line":129,"column":98}},"44":{"start":{"line":132,"column":2},"end":{"line":134,"column":3}},"45":{"start":{"line":133,"column":4},"end":{"line":133,"column":93}},"46":{"start":{"line":136,"column":2},"end":{"line":138,"column":3}},"47":{"start":{"line":137,"column":4},"end":{"line":137,"column":96}},"48":{"start":{"line":140,"column":2},"end":{"line":145,"column":3}},"49":{"start":{"line":141,"column":25},"end":{"line":141,"column":94}},"50":{"start":{"line":141,"column":63},"end":{"line":141,"column":93}},"51":{"start":{"line":142,"column":4},"end":{"line":144,"column":5}},"52":{"start":{"line":143,"column":6},"end":{"line":143,"column":76}},"53":{"start":{"line":147,"column":2},"end":{"line":147,"column":16}},"54":{"start":{"line":153,"column":0},"end":{"line":177,"column":3}},"55":{"start":{"line":154,"column":2},"end":{"line":176,"column":3}},"56":{"start":{"line":155,"column":19},"end":{"line":155,"column":30}},"57":{"start":{"line":156,"column":17},"end":{"line":156,"column":77}},"58":{"start":{"line":158,"column":4},"end":{"line":158,"column":51}},"59":{"start":{"line":159,"column":4},"end":{"line":159,"column":19}},"60":{"start":{"line":161,"column":4},"end":{"line":161,"column":59}},"61":{"start":{"line":163,"column":4},"end":{"line":169,"column":5}},"62":{"start":{"line":164,"column":27},"end":{"line":164,"column":56}},"63":{"start":{"line":165,"column":6},"end":{"line":168,"column":7}},"64":{"start":{"line":166,"column":8},"end":{"line":166,"column":60}},"65":{"start":{"line":167,"column":8},"end":{"line":167,"column":71}},"66":{"start":{"line":171,"column":4},"end":{"line":173,"column":5}},"67":{"start":{"line":172,"column":6},"end":{"line":172,"column":58}},"68":{"start":{"line":175,"column":4},"end":{"line":175,"column":54}},"69":{"start":{"line":182,"column":0},"end":{"line":237,"column":3}},"70":{"start":{"line":183,"column":2},"end":{"line":236,"column":3}},"71":{"start":{"line":184,"column":19},"end":{"line":184,"column":30}},"72":{"start":{"line":185,"column":64},"end":{"line":185,"column":72}},"73":{"start":{"line":188,"column":4},"end":{"line":193,"column":5}},"74":{"start":{"line":189,"column":6},"end":{"line":192,"column":9}},"75":{"start":{"line":196,"column":4},"end":{"line":201,"column":5}},"76":{"start":{"line":197,"column":6},"end":{"line":200,"column":9}},"77":{"start":{"line":204,"column":4},"end":{"line":209,"column":5}},"78":{"start":{"line":205,"column":6},"end":{"line":208,"column":9}},"79":{"start":{"line":211,"column":15},"end":{"line":211,"column":41}},"80":{"start":{"line":212,"column":16},"end":{"line":212,"column":40}},"81":{"start":{"line":215,"column":23},"end":{"line":215,"column":41}},"82":{"start":{"line":216,"column":4},"end":{"line":216,"column":57}},"83":{"start":{"line":216,"column":30},"end":{"line":216,"column":57}},"84":{"start":{"line":217,"column":4},"end":{"line":217,"column":48}},"85":{"start":{"line":217,"column":27},"end":{"line":217,"column":48}},"86":{"start":{"line":218,"column":4},"end":{"line":218,"column":66}},"87":{"start":{"line":218,"column":33},"end":{"line":218,"column":66}},"88":{"start":{"line":219,"column":4},"end":{"line":219,"column":72}},"89":{"start":{"line":219,"column":35},"end":{"line":219,"column":72}},"90":{"start":{"line":220,"column":4},"end":{"line":220,"column":69}},"91":{"start":{"line":220,"column":34},"end":{"line":220,"column":69}},"92":{"start":{"line":222,"column":4},"end":{"line":226,"column":6}},"93":{"start":{"line":228,"column":4},"end":{"line":228,"column":98}},"94":{"start":{"line":231,"column":24},"end":{"line":231,"column":84}},"95":{"start":{"line":232,"column":4},"end":{"line":232,"column":26}},"96":{"start":{"line":234,"column":4},"end":{"line":234,"column":61}},"97":{"start":{"line":235,"column":4},"end":{"line":235,"column":54}},"98":{"start":{"line":242,"column":0},"end":{"line":277,"column":3}},"99":{"start":{"line":243,"column":2},"end":{"line":276,"column":3}},"100":{"start":{"line":244,"column":19},"end":{"line":244,"column":30}},"101":{"start":{"line":245,"column":24},"end":{"line":245,"column":32}},"102":{"start":{"line":248,"column":19},"end":{"line":248,"column":51}},"103":{"start":{"line":249,"column":4},"end":{"line":254,"column":5}},"104":{"start":{"line":250,"column":6},"end":{"line":253,"column":9}},"105":{"start":{"line":256,"column":15},"end":{"line":256,"column":41}},"106":{"start":{"line":257,"column":16},"end":{"line":257,"column":40}},"107":{"start":{"line":260,"column":28},"end":{"line":260,"column":55}},"108":{"start":{"line":262,"column":4},"end":{"line":266,"column":6}},"109":{"start":{"line":268,"column":4},"end":{"line":268,"column":65}},"110":{"start":{"line":271,"column":24},"end":{"line":271,"column":84}},"111":{"start":{"line":272,"column":4},"end":{"line":272,"column":26}},"112":{"start":{"line":274,"column":4},"end":{"line":274,"column":73}},"113":{"start":{"line":275,"column":4},"end":{"line":275,"column":54}},"114":{"start":{"line":279,"column":0},"end":{"line":279,"column":24}}},"fnMap":{"0":{"name":"getUserFromDB","decl":{"start":{"line":47,"column":15},"end":{"line":47,"column":28}},"loc":{"start":{"line":47,"column":37},"end":{"line":87,"column":1}},"line":47},"1":{"name":"applyAuthenticatedIdentity","decl":{"start":{"line":89,"column":9},"end":{"line":89,"column":35}},"loc":{"start":{"line":89,"column":47},"end":{"line":104,"column":1}},"line":89},"2":{"name":"validatePreferences","decl":{"start":{"line":109,"column":9},"end":{"line":109,"column":28}},"loc":{"start":{"line":109,"column":36},"end":{"line":148,"column":1}},"line":109},"3":{"name":"(anonymous_3)","decl":{"start":{"line":141,"column":58},"end":{"line":141,"column":59}},"loc":{"start":{"line":141,"column":63},"end":{"line":141,"column":93}},"line":141},"4":{"name":"(anonymous_4)","decl":{"start":{"line":153,"column":16},"end":{"line":153,"column":17}},"loc":{"start":{"line":153,"column":36},"end":{"line":177,"column":1}},"line":153},"5":{"name":"(anonymous_5)","decl":{"start":{"line":182,"column":18},"end":{"line":182,"column":19}},"loc":{"start":{"line":182,"column":38},"end":{"line":237,"column":1}},"line":182},"6":{"name":"(anonymous_6)","decl":{"start":{"line":242,"column":29},"end":{"line":242,"column":30}},"loc":{"start":{"line":242,"column":49},"end":{"line":277,"column":1}},"line":242}},"branchMap":{"0":{"loc":{"start":{"line":49,"column":24},"end":{"line":51,"column":12}},"type":"cond-expr","locations":[{"start":{"line":50,"column":6},"end":{"line":50,"column":26}},{"start":{"line":51,"column":6},"end":{"line":51,"column":12}}],"line":49},"1":{"loc":{"start":{"line":49,"column":24},"end":{"line":49,"column":74}},"type":"binary-expr","locations":[{"start":{"line":49,"column":24},"end":{"line":49,"column":50}},{"start":{"line":49,"column":54},"end":{"line":49,"column":74}}],"line":49},"2":{"loc":{"start":{"line":61,"column":2},"end":{"line":63,"column":3}},"type":"if","locations":[{"start":{"line":61,"column":2},"end":{"line":63,"column":3}},{"start":{},"end":{}}],"line":61},"3":{"loc":{"start":{"line":66,"column":2},"end":{"line":72,"column":3}},"type":"if","locations":[{"start":{"line":66,"column":2},"end":{"line":72,"column":3}},{"start":{},"end":{}}],"line":66},"4":{"loc":{"start":{"line":66,"column":6},"end":{"line":66,"column":62}},"type":"binary-expr","locations":[{"start":{"line":66,"column":6},"end":{"line":66,"column":22}},{"start":{"line":66,"column":26},"end":{"line":66,"column":62}}],"line":66},"5":{"loc":{"start":{"line":75,"column":2},"end":{"line":81,"column":3}},"type":"if","locations":[{"start":{"line":75,"column":2},"end":{"line":81,"column":3}},{"start":{},"end":{}}],"line":75},"6":{"loc":{"start":{"line":75,"column":6},"end":{"line":75,"column":58}},"type":"binary-expr","locations":[{"start":{"line":75,"column":6},"end":{"line":75,"column":20}},{"start":{"line":75,"column":24},"end":{"line":75,"column":58}}],"line":75},"7":{"loc":{"start":{"line":94,"column":10},"end":{"line":94,"column":45}},"type":"binary-expr","locations":[{"start":{"line":94,"column":10},"end":{"line":94,"column":22}},{"start":{"line":94,"column":26},"end":{"line":94,"column":35}},{"start":{"line":94,"column":39},"end":{"line":94,"column":45}}],"line":94},"8":{"loc":{"start":{"line":95,"column":14},"end":{"line":95,"column":48}},"type":"binary-expr","locations":[{"start":{"line":95,"column":14},"end":{"line":95,"column":31}},{"start":{"line":95,"column":35},"end":{"line":95,"column":48}}],"line":95},"9":{"loc":{"start":{"line":96,"column":11},"end":{"line":96,"column":39}},"type":"binary-expr","locations":[{"start":{"line":96,"column":11},"end":{"line":96,"column":25}},{"start":{"line":96,"column":29},"end":{"line":96,"column":39}}],"line":96},"10":{"loc":{"start":{"line":98,"column":12},"end":{"line":98,"column":46}},"type":"binary-expr","locations":[{"start":{"line":98,"column":12},"end":{"line":98,"column":31}},{"start":{"line":98,"column":35},"end":{"line":98,"column":46}}],"line":98},"11":{"loc":{"start":{"line":99,"column":9},"end":{"line":99,"column":41}},"type":"binary-expr","locations":[{"start":{"line":99,"column":9},"end":{"line":99,"column":29}},{"start":{"line":99,"column":33},"end":{"line":99,"column":41}}],"line":99},"12":{"loc":{"start":{"line":100,"column":20},"end":{"line":102,"column":94}},"type":"cond-expr","locations":[{"start":{"line":101,"column":8},"end":{"line":101,"column":18}},{"start":{"line":102,"column":9},"end":{"line":102,"column":93}}],"line":100},"13":{"loc":{"start":{"line":102,"column":9},"end":{"line":102,"column":93}},"type":"cond-expr","locations":[{"start":{"line":102,"column":55},"end":{"line":102,"column":83}},{"start":{"line":102,"column":86},"end":{"line":102,"column":93}}],"line":102},"14":{"loc":{"start":{"line":102,"column":9},"end":{"line":102,"column":52}},"type":"binary-expr","locations":[{"start":{"line":102,"column":9},"end":{"line":102,"column":28}},{"start":{"line":102,"column":32},"end":{"line":102,"column":52}}],"line":102},"15":{"loc":{"start":{"line":112,"column":2},"end":{"line":114,"column":3}},"type":"if","locations":[{"start":{"line":112,"column":2},"end":{"line":114,"column":3}},{"start":{},"end":{}}],"line":112},"16":{"loc":{"start":{"line":112,"column":6},"end":{"line":112,"column":56}},"type":"binary-expr","locations":[{"start":{"line":112,"column":6},"end":{"line":112,"column":17}},{"start":{"line":112,"column":21},"end":{"line":112,"column":56}}],"line":112},"17":{"loc":{"start":{"line":116,"column":2},"end":{"line":118,"column":3}},"type":"if","locations":[{"start":{"line":116,"column":2},"end":{"line":118,"column":3}},{"start":{},"end":{}}],"line":116},"18":{"loc":{"start":{"line":116,"column":6},"end":{"line":116,"column":65}},"type":"binary-expr","locations":[{"start":{"line":116,"column":6},"end":{"line":116,"column":20}},{"start":{"line":116,"column":24},"end":{"line":116,"column":65}}],"line":116},"19":{"loc":{"start":{"line":120,"column":2},"end":{"line":122,"column":3}},"type":"if","locations":[{"start":{"line":120,"column":2},"end":{"line":122,"column":3}},{"start":{},"end":{}}],"line":120},"20":{"loc":{"start":{"line":120,"column":6},"end":{"line":120,"column":63}},"type":"binary-expr","locations":[{"start":{"line":120,"column":6},"end":{"line":120,"column":19}},{"start":{"line":120,"column":23},"end":{"line":120,"column":63}}],"line":120},"21":{"loc":{"start":{"line":124,"column":2},"end":{"line":126,"column":3}},"type":"if","locations":[{"start":{"line":124,"column":2},"end":{"line":126,"column":3}},{"start":{},"end":{}}],"line":124},"22":{"loc":{"start":{"line":124,"column":6},"end":{"line":124,"column":72}},"type":"binary-expr","locations":[{"start":{"line":124,"column":6},"end":{"line":124,"column":22}},{"start":{"line":124,"column":26},"end":{"line":124,"column":72}}],"line":124},"23":{"loc":{"start":{"line":128,"column":2},"end":{"line":130,"column":3}},"type":"if","locations":[{"start":{"line":128,"column":2},"end":{"line":130,"column":3}},{"start":{},"end":{}}],"line":128},"24":{"loc":{"start":{"line":128,"column":6},"end":{"line":128,"column":72}},"type":"binary-expr","locations":[{"start":{"line":128,"column":6},"end":{"line":128,"column":22}},{"start":{"line":128,"column":26},"end":{"line":128,"column":72}}],"line":128},"25":{"loc":{"start":{"line":132,"column":2},"end":{"line":134,"column":3}},"type":"if","locations":[{"start":{"line":132,"column":2},"end":{"line":134,"column":3}},{"start":{},"end":{}}],"line":132},"26":{"loc":{"start":{"line":132,"column":6},"end":{"line":132,"column":88}},"type":"binary-expr","locations":[{"start":{"line":132,"column":6},"end":{"line":132,"column":31}},{"start":{"line":132,"column":35},"end":{"line":132,"column":88}}],"line":132},"27":{"loc":{"start":{"line":136,"column":2},"end":{"line":138,"column":3}},"type":"if","locations":[{"start":{"line":136,"column":2},"end":{"line":138,"column":3}},{"start":{},"end":{}}],"line":136},"28":{"loc":{"start":{"line":136,"column":6},"end":{"line":136,"column":88}},"type":"binary-expr","locations":[{"start":{"line":136,"column":6},"end":{"line":136,"column":37}},{"start":{"line":136,"column":41},"end":{"line":136,"column":88}}],"line":136},"29":{"loc":{"start":{"line":140,"column":2},"end":{"line":145,"column":3}},"type":"if","locations":[{"start":{"line":140,"column":2},"end":{"line":145,"column":3}},{"start":{},"end":{}}],"line":140},"30":{"loc":{"start":{"line":142,"column":4},"end":{"line":144,"column":5}},"type":"if","locations":[{"start":{"line":142,"column":4},"end":{"line":144,"column":5}},{"start":{},"end":{}}],"line":142},"31":{"loc":{"start":{"line":163,"column":4},"end":{"line":169,"column":5}},"type":"if","locations":[{"start":{"line":163,"column":4},"end":{"line":169,"column":5}},{"start":{},"end":{}}],"line":163},"32":{"loc":{"start":{"line":163,"column":8},"end":{"line":163,"column":57}},"type":"binary-expr","locations":[{"start":{"line":163,"column":8},"end":{"line":163,"column":28}},{"start":{"line":163,"column":32},"end":{"line":163,"column":57}}],"line":163},"33":{"loc":{"start":{"line":165,"column":6},"end":{"line":168,"column":7}},"type":"if","locations":[{"start":{"line":165,"column":6},"end":{"line":168,"column":7}},{"start":{},"end":{}}],"line":165},"34":{"loc":{"start":{"line":171,"column":4},"end":{"line":173,"column":5}},"type":"if","locations":[{"start":{"line":171,"column":4},"end":{"line":173,"column":5}},{"start":{},"end":{}}],"line":171},"35":{"loc":{"start":{"line":188,"column":4},"end":{"line":193,"column":5}},"type":"if","locations":[{"start":{"line":188,"column":4},"end":{"line":193,"column":5}},{"start":{},"end":{}}],"line":188},"36":{"loc":{"start":{"line":188,"column":8},"end":{"line":188,"column":49}},"type":"binary-expr","locations":[{"start":{"line":188,"column":8},"end":{"line":188,"column":17}},{"start":{"line":188,"column":21},"end":{"line":188,"column":49}}],"line":188},"37":{"loc":{"start":{"line":196,"column":4},"end":{"line":201,"column":5}},"type":"if","locations":[{"start":{"line":196,"column":4},"end":{"line":201,"column":5}},{"start":{},"end":{}}],"line":196},"38":{"loc":{"start":{"line":196,"column":8},"end":{"line":196,"column":64}},"type":"binary-expr","locations":[{"start":{"line":196,"column":8},"end":{"line":196,"column":19}},{"start":{"line":196,"column":23},"end":{"line":196,"column":64}}],"line":196},"39":{"loc":{"start":{"line":204,"column":4},"end":{"line":209,"column":5}},"type":"if","locations":[{"start":{"line":204,"column":4},"end":{"line":209,"column":5}},{"start":{},"end":{}}],"line":204},"40":{"loc":{"start":{"line":204,"column":8},"end":{"line":204,"column":45}},"type":"binary-expr","locations":[{"start":{"line":204,"column":8},"end":{"line":204,"column":18}},{"start":{"line":204,"column":22},"end":{"line":204,"column":45}}],"line":204},"41":{"loc":{"start":{"line":216,"column":4},"end":{"line":216,"column":57}},"type":"if","locations":[{"start":{"line":216,"column":4},"end":{"line":216,"column":57}},{"start":{},"end":{}}],"line":216},"42":{"loc":{"start":{"line":217,"column":4},"end":{"line":217,"column":48}},"type":"if","locations":[{"start":{"line":217,"column":4},"end":{"line":217,"column":48}},{"start":{},"end":{}}],"line":217},"43":{"loc":{"start":{"line":218,"column":4},"end":{"line":218,"column":66}},"type":"if","locations":[{"start":{"line":218,"column":4},"end":{"line":218,"column":66}},{"start":{},"end":{}}],"line":218},"44":{"loc":{"start":{"line":219,"column":4},"end":{"line":219,"column":72}},"type":"if","locations":[{"start":{"line":219,"column":4},"end":{"line":219,"column":72}},{"start":{},"end":{}}],"line":219},"45":{"loc":{"start":{"line":220,"column":4},"end":{"line":220,"column":69}},"type":"if","locations":[{"start":{"line":220,"column":4},"end":{"line":220,"column":69}},{"start":{},"end":{}}],"line":220},"46":{"loc":{"start":{"line":249,"column":4},"end":{"line":254,"column":5}},"type":"if","locations":[{"start":{"line":249,"column":4},"end":{"line":254,"column":5}},{"start":{},"end":{}}],"line":249}},"s":{"0":1,"1":1,"2":1,"3":1,"4":1,"5":1,"6":1,"7":1,"8":1,"9":1,"10":1,"11":1,"12":1,"13":1,"14":1,"15":1,"16":1,"17":1,"18":1,"19":1,"20":0,"21":1,"22":1,"23":1,"24":0,"25":1,"26":0,"27":0,"28":0,"29":1,"30":1,"31":1,"32":1,"33":0,"34":0,"35":0,"36":0,"37":0,"38":0,"39":0,"40":0,"41":0,"42":0,"43":0,"44":0,"45":0,"46":0,"47":0,"48":0,"49":0,"50":0,"51":0,"52":0,"53":0,"54":1,"55":1,"56":1,"57":1,"58":1,"59":1,"60":0,"61":0,"62":0,"63":0,"64":0,"65":0,"66":0,"67":0,"68":0,"69":1,"70":0,"71":0,"72":0,"73":0,"74":0,"75":0,"76":0,"77":0,"78":0,"79":0,"80":0,"81":0,"82":0,"83":0,"84":0,"85":0,"86":0,"87":0,"88":0,"89":0,"90":0,"91":0,"92":0,"93":0,"94":0,"95":0,"96":0,"97":0,"98":1,"99":0,"100":0,"101":0,"102":0,"103":0,"104":0,"105":0,"106":0,"107":0,"108":0,"109":0,"110":0,"111":0,"112":0,"113":0,"114":1},"f":{"0":1,"1":1,"2":0,"3":0,"4":1,"5":0,"6":0},"b":{"0":[1,0],"1":[1,1],"2":[0,1],"3":[1,0],"4":[1,1],"5":[0,1],"6":[1,0],"7":[1,1,0],"8":[1,0],"9":[1,0],"10":[1,0],"11":[1,0],"12":[1,0],"13":[0,0],"14":[0,0],"15":[0,0],"16":[0,0],"17":[0,0],"18":[0,0],"19":[0,0],"20":[0,0],"21":[0,0],"22":[0,0],"23":[0,0],"24":[0,0],"25":[0,0],"26":[0,0],"27":[0,0],"28":[0,0],"29":[0,0],"30":[0,0],"31":[0,0],"32":[0,0],"33":[0,0],"34":[0,0],"35":[0,0],"36":[0,0],"37":[0,0],"38":[0,0],"39":[0,0],"40":[0,0],"41":[0,0],"42":[0,0],"43":[0,0],"44":[0,0],"45":[0,0],"46":[0,0]},"_coverageSchema":"1a1c01bbd47fc00a2c39e90264f33305004495a9","hash":"7c5cc26cb45ce084b2131b97ef2ab182aa5b5074"}
,"C:\\Users\\hp\\Documents\\SAPBTP\\SmartOrder\\srv\\services\\supplierService.js": {"path":"C:\\Users\\hp\\Documents\\SAPBTP\\SmartOrder\\srv\\services\\supplierService.js","statementMap":{"0":{"start":{"line":3,"column":12},"end":{"line":3,"column":31}},"1":{"start":{"line":5,"column":24},"end":{"line":13,"column":1}},"2":{"start":{"line":16,"column":14},"end":{"line":16,"column":54}},"3":{"start":{"line":17,"column":2},"end":{"line":17,"column":24}},"4":{"start":{"line":17,"column":12},"end":{"line":17,"column":24}},"5":{"start":{"line":18,"column":2},"end":{"line":18,"column":37}},"6":{"start":{"line":22,"column":17},"end":{"line":22,"column":30}},"7":{"start":{"line":23,"column":2},"end":{"line":23,"column":53}},"8":{"start":{"line":27,"column":2},"end":{"line":27,"column":26}},"9":{"start":{"line":27,"column":14},"end":{"line":27,"column":26}},"10":{"start":{"line":28,"column":14},"end":{"line":28,"column":27}},"11":{"start":{"line":29,"column":2},"end":{"line":29,"column":66}},"12":{"start":{"line":33,"column":2},"end":{"line":33,"column":110}},"13":{"start":{"line":37,"column":2},"end":{"line":37,"column":74}},"14":{"start":{"line":41,"column":2},"end":{"line":41,"column":39}},"15":{"start":{"line":41,"column":26},"end":{"line":41,"column":39}},"16":{"start":{"line":42,"column":18},"end":{"line":42,"column":55}},"17":{"start":{"line":43,"column":17},"end":{"line":43,"column":56}},"18":{"start":{"line":45,"column":2},"end":{"line":45,"column":56}},"19":{"start":{"line":45,"column":44},"end":{"line":45,"column":56}},"20":{"start":{"line":46,"column":2},"end":{"line":46,"column":49}},"21":{"start":{"line":46,"column":25},"end":{"line":46,"column":49}},"22":{"start":{"line":47,"column":2},"end":{"line":47,"column":61}},"23":{"start":{"line":47,"column":38},"end":{"line":47,"column":61}},"24":{"start":{"line":48,"column":2},"end":{"line":48,"column":15}},"25":{"start":{"line":52,"column":12},"end":{"line":52,"column":47}},"26":{"start":{"line":53,"column":12},"end":{"line":53,"column":45}},"27":{"start":{"line":54,"column":2},"end":{"line":54,"column":62}},"28":{"start":{"line":54,"column":50},"end":{"line":54,"column":62}},"29":{"start":{"line":55,"column":2},"end":{"line":55,"column":53}},"30":{"start":{"line":59,"column":23},"end":{"line":59,"column":68}},"31":{"start":{"line":59,"column":48},"end":{"line":59,"column":67}},"32":{"start":{"line":60,"column":26},"end":{"line":60,"column":58}},"33":{"start":{"line":61,"column":21},"end":{"line":61,"column":48}},"34":{"start":{"line":63,"column":28},"end":{"line":65,"column":38}},"35":{"start":{"line":64,"column":20},"end":{"line":64,"column":100}},"36":{"start":{"line":65,"column":23},"end":{"line":65,"column":37}},"37":{"start":{"line":67,"column":21},"end":{"line":67,"column":121}},"38":{"start":{"line":68,"column":21},"end":{"line":70,"column":42}},"39":{"start":{"line":69,"column":47},"end":{"line":69,"column":58}},"40":{"start":{"line":71,"column":27},"end":{"line":71,"column":67}},"41":{"start":{"line":73,"column":2},"end":{"line":81,"column":4}},"42":{"start":{"line":85,"column":15},"end":{"line":103,"column":3}},"43":{"start":{"line":105,"column":27},"end":{"line":105,"column":68}},"44":{"start":{"line":106,"column":19},"end":{"line":109,"column":10}},"45":{"start":{"line":107,"column":27},"end":{"line":108,"column":86}},"46":{"start":{"line":108,"column":25},"end":{"line":108,"column":85}},"47":{"start":{"line":111,"column":2},"end":{"line":114,"column":4}},"48":{"start":{"line":118,"column":15},"end":{"line":135,"column":3}},"49":{"start":{"line":137,"column":2},"end":{"line":141,"column":9}},"50":{"start":{"line":138,"column":4},"end":{"line":138,"column":63}},"51":{"start":{"line":138,"column":34},"end":{"line":138,"column":63}},"52":{"start":{"line":139,"column":4},"end":{"line":139,"column":38}},"53":{"start":{"line":140,"column":4},"end":{"line":140,"column":15}},"54":{"start":{"line":145,"column":13},"end":{"line":145,"column":53}},"55":{"start":{"line":146,"column":14},"end":{"line":146,"column":68}},"56":{"start":{"line":147,"column":15},"end":{"line":147,"column":53}},"57":{"start":{"line":149,"column":26},"end":{"line":149,"column":90}},"58":{"start":{"line":150,"column":27},"end":{"line":150,"column":56}},"59":{"start":{"line":152,"column":16},"end":{"line":160,"column":4}},"60":{"start":{"line":153,"column":20},"end":{"line":153,"column":87}},"61":{"start":{"line":154,"column":4},"end":{"line":159,"column":6}},"62":{"start":{"line":162,"column":2},"end":{"line":162,"column":37}},"63":{"start":{"line":166,"column":2},"end":{"line":166,"column":31}},"64":{"start":{"line":166,"column":19},"end":{"line":166,"column":31}},"65":{"start":{"line":168,"column":20},"end":{"line":170,"column":3}},"66":{"start":{"line":171,"column":2},"end":{"line":171,"column":37}},"67":{"start":{"line":171,"column":25},"end":{"line":171,"column":37}},"68":{"start":{"line":173,"column":17},"end":{"line":186,"column":3}},"69":{"start":{"line":188,"column":18},"end":{"line":188,"column":60}},"70":{"start":{"line":189,"column":2},"end":{"line":198,"column":4}},"71":{"start":{"line":200,"column":2},"end":{"line":200,"column":17}},"72":{"start":{"line":203,"column":0},"end":{"line":208,"column":2}}},"fnMap":{"0":{"name":"normalizeCountryCode","decl":{"start":{"line":15,"column":9},"end":{"line":15,"column":29}},"loc":{"start":{"line":15,"column":37},"end":{"line":19,"column":1}},"line":15},"1":{"name":"toNumber","decl":{"start":{"line":21,"column":9},"end":{"line":21,"column":17}},"loc":{"start":{"line":21,"column":39},"end":{"line":24,"column":1}},"line":21},"2":{"name":"toDateOnly","decl":{"start":{"line":26,"column":9},"end":{"line":26,"column":19}},"loc":{"start":{"line":26,"column":27},"end":{"line":30,"column":1}},"line":26},"3":{"name":"isCancelled","decl":{"start":{"line":32,"column":9},"end":{"line":32,"column":20}},"loc":{"start":{"line":32,"column":28},"end":{"line":34,"column":1}},"line":32},"4":{"name":"isDelivered","decl":{"start":{"line":36,"column":9},"end":{"line":36,"column":20}},"loc":{"start":{"line":36,"column":28},"end":{"line":38,"column":1}},"line":36},"5":{"name":"isLate","decl":{"start":{"line":40,"column":9},"end":{"line":40,"column":15}},"loc":{"start":{"line":40,"column":70},"end":{"line":49,"column":1}},"line":40},"6":{"name":"dayDiff","decl":{"start":{"line":51,"column":9},"end":{"line":51,"column":16}},"loc":{"start":{"line":51,"column":29},"end":{"line":56,"column":1}},"line":51},"7":{"name":"buildSupplierMetrics","decl":{"start":{"line":58,"column":9},"end":{"line":58,"column":29}},"loc":{"start":{"line":58,"column":48},"end":{"line":82,"column":1}},"line":58},"8":{"name":"(anonymous_8)","decl":{"start":{"line":59,"column":37},"end":{"line":59,"column":38}},"loc":{"start":{"line":59,"column":48},"end":{"line":59,"column":67}},"line":59},"9":{"name":"(anonymous_9)","decl":{"start":{"line":64,"column":9},"end":{"line":64,"column":10}},"loc":{"start":{"line":64,"column":20},"end":{"line":64,"column":100}},"line":64},"10":{"name":"(anonymous_10)","decl":{"start":{"line":65,"column":12},"end":{"line":65,"column":13}},"loc":{"start":{"line":65,"column":23},"end":{"line":65,"column":37}},"line":65},"11":{"name":"(anonymous_11)","decl":{"start":{"line":69,"column":31},"end":{"line":69,"column":32}},"loc":{"start":{"line":69,"column":47},"end":{"line":69,"column":58}},"line":69},"12":{"name":"getSupplierRows","decl":{"start":{"line":84,"column":15},"end":{"line":84,"column":30}},"loc":{"start":{"line":84,"column":78},"end":{"line":115,"column":1}},"line":84},"13":{"name":"(anonymous_13)","decl":{"start":{"line":107,"column":18},"end":{"line":107,"column":19}},"loc":{"start":{"line":107,"column":27},"end":{"line":108,"column":86}},"line":107},"14":{"name":"(anonymous_14)","decl":{"start":{"line":108,"column":14},"end":{"line":108,"column":15}},"loc":{"start":{"line":108,"column":25},"end":{"line":108,"column":85}},"line":108},"15":{"name":"getOrdersBySupplier","decl":{"start":{"line":117,"column":15},"end":{"line":117,"column":34}},"loc":{"start":{"line":117,"column":39},"end":{"line":142,"column":1}},"line":117},"16":{"name":"(anonymous_16)","decl":{"start":{"line":137,"column":21},"end":{"line":137,"column":22}},"loc":{"start":{"line":137,"column":35},"end":{"line":141,"column":3}},"line":137},"17":{"name":"listSuppliers","decl":{"start":{"line":144,"column":15},"end":{"line":144,"column":28}},"loc":{"start":{"line":144,"column":43},"end":{"line":163,"column":1}},"line":144},"18":{"name":"(anonymous_18)","decl":{"start":{"line":152,"column":25},"end":{"line":152,"column":26}},"loc":{"start":{"line":152,"column":39},"end":{"line":160,"column":3}},"line":152},"19":{"name":"recalculateSupplierMetrics","decl":{"start":{"line":165,"column":15},"end":{"line":165,"column":41}},"loc":{"start":{"line":165,"column":58},"end":{"line":201,"column":1}},"line":165}},"branchMap":{"0":{"loc":{"start":{"line":16,"column":21},"end":{"line":16,"column":32}},"type":"binary-expr","locations":[{"start":{"line":16,"column":21},"end":{"line":16,"column":26}},{"start":{"line":16,"column":30},"end":{"line":16,"column":32}}],"line":16},"1":{"loc":{"start":{"line":17,"column":2},"end":{"line":17,"column":24}},"type":"if","locations":[{"start":{"line":17,"column":2},"end":{"line":17,"column":24}},{"start":{},"end":{}}],"line":17},"2":{"loc":{"start":{"line":18,"column":9},"end":{"line":18,"column":36}},"type":"binary-expr","locations":[{"start":{"line":18,"column":9},"end":{"line":18,"column":29}},{"start":{"line":18,"column":33},"end":{"line":18,"column":36}}],"line":18},"3":{"loc":{"start":{"line":21,"column":25},"end":{"line":21,"column":37}},"type":"default-arg","locations":[{"start":{"line":21,"column":36},"end":{"line":21,"column":37}}],"line":21},"4":{"loc":{"start":{"line":23,"column":9},"end":{"line":23,"column":52}},"type":"cond-expr","locations":[{"start":{"line":23,"column":35},"end":{"line":23,"column":41}},{"start":{"line":23,"column":44},"end":{"line":23,"column":52}}],"line":23},"5":{"loc":{"start":{"line":27,"column":2},"end":{"line":27,"column":26}},"type":"if","locations":[{"start":{"line":27,"column":2},"end":{"line":27,"column":26}},{"start":{},"end":{}}],"line":27},"6":{"loc":{"start":{"line":29,"column":9},"end":{"line":29,"column":65}},"type":"cond-expr","locations":[{"start":{"line":29,"column":29},"end":{"line":29,"column":46}},{"start":{"line":29,"column":49},"end":{"line":29,"column":65}}],"line":29},"7":{"loc":{"start":{"line":33,"column":9},"end":{"line":33,"column":109}},"type":"binary-expr","locations":[{"start":{"line":33,"column":9},"end":{"line":33,"column":34}},{"start":{"line":33,"column":38},"end":{"line":33,"column":73}},{"start":{"line":33,"column":77},"end":{"line":33,"column":109}}],"line":33},"8":{"loc":{"start":{"line":37,"column":9},"end":{"line":37,"column":73}},"type":"binary-expr","locations":[{"start":{"line":37,"column":9},"end":{"line":37,"column":33}},{"start":{"line":37,"column":37},"end":{"line":37,"column":73}}],"line":37},"9":{"loc":{"start":{"line":40,"column":23},"end":{"line":40,"column":68}},"type":"default-arg","locations":[{"start":{"line":40,"column":31},"end":{"line":40,"column":68}}],"line":40},"10":{"loc":{"start":{"line":41,"column":2},"end":{"line":41,"column":39}},"type":"if","locations":[{"start":{"line":41,"column":2},"end":{"line":41,"column":39}},{"start":{},"end":{}}],"line":41},"11":{"loc":{"start":{"line":45,"column":2},"end":{"line":45,"column":56}},"type":"if","locations":[{"start":{"line":45,"column":2},"end":{"line":45,"column":56}},{"start":{},"end":{}}],"line":45},"12":{"loc":{"start":{"line":46,"column":2},"end":{"line":46,"column":49}},"type":"if","locations":[{"start":{"line":46,"column":2},"end":{"line":46,"column":49}},{"start":{},"end":{}}],"line":46},"13":{"loc":{"start":{"line":46,"column":6},"end":{"line":46,"column":23}},"type":"binary-expr","locations":[{"start":{"line":46,"column":6},"end":{"line":46,"column":13}},{"start":{"line":46,"column":17},"end":{"line":46,"column":23}}],"line":46},"14":{"loc":{"start":{"line":47,"column":2},"end":{"line":47,"column":61}},"type":"if","locations":[{"start":{"line":47,"column":2},"end":{"line":47,"column":61}},{"start":{},"end":{}}],"line":47},"15":{"loc":{"start":{"line":47,"column":6},"end":{"line":47,"column":36}},"type":"binary-expr","locations":[{"start":{"line":47,"column":6},"end":{"line":47,"column":13}},{"start":{"line":47,"column":17},"end":{"line":47,"column":36}}],"line":47},"16":{"loc":{"start":{"line":52,"column":23},"end":{"line":52,"column":46}},"type":"binary-expr","locations":[{"start":{"line":52,"column":23},"end":{"line":52,"column":40}},{"start":{"line":52,"column":44},"end":{"line":52,"column":46}}],"line":52},"17":{"loc":{"start":{"line":53,"column":23},"end":{"line":53,"column":44}},"type":"binary-expr","locations":[{"start":{"line":53,"column":23},"end":{"line":53,"column":38}},{"start":{"line":53,"column":42},"end":{"line":53,"column":44}}],"line":53},"18":{"loc":{"start":{"line":54,"column":2},"end":{"line":54,"column":62}},"type":"if","locations":[{"start":{"line":54,"column":2},"end":{"line":54,"column":62}},{"start":{},"end":{}}],"line":54},"19":{"loc":{"start":{"line":54,"column":6},"end":{"line":54,"column":48}},"type":"binary-expr","locations":[{"start":{"line":54,"column":6},"end":{"line":54,"column":25}},{"start":{"line":54,"column":29},"end":{"line":54,"column":48}}],"line":54},"20":{"loc":{"start":{"line":64,"column":28},"end":{"line":64,"column":70}},"type":"binary-expr","locations":[{"start":{"line":64,"column":28},"end":{"line":64,"column":47}},{"start":{"line":64,"column":51},"end":{"line":64,"column":70}}],"line":64},"21":{"loc":{"start":{"line":67,"column":21},"end":{"line":67,"column":121}},"type":"cond-expr","locations":[{"start":{"line":67,"column":43},"end":{"line":67,"column":82}},{"start":{"line":67,"column":85},"end":{"line":67,"column":121}}],"line":67},"22":{"loc":{"start":{"line":68,"column":21},"end":{"line":70,"column":42}},"type":"cond-expr","locations":[{"start":{"line":69,"column":6},"end":{"line":69,"column":89}},{"start":{"line":70,"column":6},"end":{"line":70,"column":42}}],"line":68},"23":{"loc":{"start":{"line":84,"column":35},"end":{"line":84,"column":76}},"type":"default-arg","locations":[{"start":{"line":84,"column":74},"end":{"line":84,"column":76}}],"line":84},"24":{"loc":{"start":{"line":84,"column":37},"end":{"line":84,"column":46}},"type":"default-arg","locations":[{"start":{"line":84,"column":43},"end":{"line":84,"column":46}}],"line":84},"25":{"loc":{"start":{"line":84,"column":48},"end":{"line":84,"column":56}},"type":"default-arg","locations":[{"start":{"line":84,"column":55},"end":{"line":84,"column":56}}],"line":84},"26":{"loc":{"start":{"line":84,"column":58},"end":{"line":84,"column":69}},"type":"default-arg","locations":[{"start":{"line":84,"column":67},"end":{"line":84,"column":69}}],"line":84},"27":{"loc":{"start":{"line":105,"column":34},"end":{"line":105,"column":46}},"type":"binary-expr","locations":[{"start":{"line":105,"column":34},"end":{"line":105,"column":40}},{"start":{"line":105,"column":44},"end":{"line":105,"column":46}}],"line":105},"28":{"loc":{"start":{"line":106,"column":19},"end":{"line":109,"column":10}},"type":"cond-expr","locations":[{"start":{"line":107,"column":6},"end":{"line":108,"column":87}},{"start":{"line":109,"column":6},"end":{"line":109,"column":10}}],"line":106},"29":{"loc":{"start":{"line":108,"column":32},"end":{"line":108,"column":43}},"type":"binary-expr","locations":[{"start":{"line":108,"column":32},"end":{"line":108,"column":37}},{"start":{"line":108,"column":41},"end":{"line":108,"column":43}}],"line":108},"30":{"loc":{"start":{"line":138,"column":4},"end":{"line":138,"column":63}},"type":"if","locations":[{"start":{"line":138,"column":4},"end":{"line":138,"column":63}},{"start":{},"end":{}}],"line":138},"31":{"loc":{"start":{"line":144,"column":29},"end":{"line":144,"column":41}},"type":"default-arg","locations":[{"start":{"line":144,"column":39},"end":{"line":144,"column":41}}],"line":144},"32":{"loc":{"start":{"line":145,"column":13},"end":{"line":145,"column":53}},"type":"binary-expr","locations":[{"start":{"line":145,"column":13},"end":{"line":145,"column":23}},{"start":{"line":145,"column":27},"end":{"line":145,"column":53}}],"line":145},"33":{"loc":{"start":{"line":146,"column":32},"end":{"line":146,"column":58}},"type":"binary-expr","locations":[{"start":{"line":146,"column":32},"end":{"line":146,"column":51}},{"start":{"line":146,"column":55},"end":{"line":146,"column":58}}],"line":146},"34":{"loc":{"start":{"line":147,"column":24},"end":{"line":147,"column":49}},"type":"binary-expr","locations":[{"start":{"line":147,"column":24},"end":{"line":147,"column":44}},{"start":{"line":147,"column":48},"end":{"line":147,"column":49}}],"line":147},"35":{"loc":{"start":{"line":153,"column":51},"end":{"line":153,"column":86}},"type":"binary-expr","locations":[{"start":{"line":153,"column":51},"end":{"line":153,"column":80}},{"start":{"line":153,"column":84},"end":{"line":153,"column":86}}],"line":153},"36":{"loc":{"start":{"line":157,"column":13},"end":{"line":157,"column":89}},"type":"binary-expr","locations":[{"start":{"line":157,"column":13},"end":{"line":157,"column":36}},{"start":{"line":157,"column":40},"end":{"line":157,"column":60}},{"start":{"line":157,"column":64},"end":{"line":157,"column":89}}],"line":157},"37":{"loc":{"start":{"line":166,"column":2},"end":{"line":166,"column":31}},"type":"if","locations":[{"start":{"line":166,"column":2},"end":{"line":166,"column":31}},{"start":{},"end":{}}],"line":166},"38":{"loc":{"start":{"line":171,"column":2},"end":{"line":171,"column":37}},"type":"if","locations":[{"start":{"line":171,"column":2},"end":{"line":171,"column":37}},{"start":{},"end":{}}],"line":171}},"s":{"0":2,"1":2,"2":3,"3":3,"4":0,"5":3,"6":2,"7":2,"8":6,"9":1,"10":5,"11":5,"12":5,"13":2,"14":2,"15":0,"16":2,"17":2,"18":2,"19":1,"20":1,"21":1,"22":0,"23":0,"24":0,"25":1,"26":1,"27":1,"28":0,"29":1,"30":1,"31":3,"32":1,"33":1,"34":1,"35":1,"36":1,"37":1,"38":1,"39":1,"40":1,"41":1,"42":0,"43":0,"44":0,"45":0,"46":0,"47":0,"48":0,"49":0,"50":0,"51":0,"52":0,"53":0,"54":0,"55":0,"56":0,"57":0,"58":0,"59":0,"60":0,"61":0,"62":0,"63":0,"64":0,"65":0,"66":0,"67":0,"68":0,"69":0,"70":0,"71":0,"72":2},"f":{"0":3,"1":2,"2":6,"3":5,"4":2,"5":2,"6":1,"7":1,"8":3,"9":1,"10":1,"11":1,"12":0,"13":0,"14":0,"15":0,"16":0,"17":0,"18":0,"19":0},"b":{"0":[3,0],"1":[0,3],"2":[3,1],"3":[2],"4":[2,0],"5":[1,5],"6":[0,5],"7":[5,4,4],"8":[2,1],"9":[0],"10":[0,2],"11":[1,1],"12":[1,0],"13":[1,1],"14":[0,0],"15":[0,0],"16":[1,0],"17":[1,0],"18":[0,1],"19":[1,1],"20":[1,0],"21":[1,0],"22":[1,0],"23":[0],"24":[0],"25":[0],"26":[0],"27":[0,0],"28":[0,0],"29":[0,0],"30":[0,0],"31":[0],"32":[0,0],"33":[0,0],"34":[0,0],"35":[0,0],"36":[0,0,0],"37":[0,0],"38":[0,0]},"_coverageSchema":"1a1c01bbd47fc00a2c39e90264f33305004495a9","hash":"9a6f969e4e6bcf962470fab47a65a810b4d40633"}
,"C:\\Users\\hp\\Documents\\SAPBTP\\SmartOrder\\srv\\services\\syncSAPService.js": {"path":"C:\\Users\\hp\\Documents\\SAPBTP\\SmartOrder\\srv\\services\\syncSAPService.js","statementMap":{"0":{"start":{"line":3,"column":12},"end":{"line":3,"column":31}},"1":{"start":{"line":4,"column":17},"end":{"line":4,"column":26}},"2":{"start":{"line":5,"column":12},"end":{"line":5,"column":31}},"3":{"start":{"line":9,"column":4},"end":{"line":9,"column":32}},"4":{"start":{"line":15,"column":13},"end":{"line":15,"column":39}},"5":{"start":{"line":16,"column":15},"end":{"line":16,"column":68}},"6":{"start":{"line":17,"column":2},"end":{"line":17,"column":54}},"7":{"start":{"line":21,"column":2},"end":{"line":21,"column":42}},"8":{"start":{"line":25,"column":2},"end":{"line":25,"column":77}},"9":{"start":{"line":25,"column":61},"end":{"line":25,"column":77}},"10":{"start":{"line":26,"column":2},"end":{"line":26,"column":56}},"11":{"start":{"line":26,"column":29},"end":{"line":26,"column":56}},"12":{"start":{"line":27,"column":2},"end":{"line":27,"column":55}},"13":{"start":{"line":27,"column":34},"end":{"line":27,"column":55}},"14":{"start":{"line":28,"column":2},"end":{"line":28,"column":74}},"15":{"start":{"line":28,"column":61},"end":{"line":28,"column":74}},"16":{"start":{"line":29,"column":2},"end":{"line":29,"column":43}},"17":{"start":{"line":29,"column":30},"end":{"line":29,"column":43}},"18":{"start":{"line":30,"column":2},"end":{"line":30,"column":88}},"19":{"start":{"line":30,"column":28},"end":{"line":30,"column":88}},"20":{"start":{"line":31,"column":2},"end":{"line":38,"column":3}},"21":{"start":{"line":32,"column":4},"end":{"line":32,"column":63}},"22":{"start":{"line":32,"column":26},"end":{"line":32,"column":63}},"23":{"start":{"line":33,"column":4},"end":{"line":33,"column":63}},"24":{"start":{"line":33,"column":26},"end":{"line":33,"column":63}},"25":{"start":{"line":34,"column":4},"end":{"line":34,"column":67}},"26":{"start":{"line":34,"column":28},"end":{"line":34,"column":67}},"27":{"start":{"line":35,"column":4},"end":{"line":35,"column":61}},"28":{"start":{"line":35,"column":25},"end":{"line":35,"column":61}},"29":{"start":{"line":36,"column":4},"end":{"line":36,"column":75}},"30":{"start":{"line":36,"column":32},"end":{"line":36,"column":75}},"31":{"start":{"line":37,"column":4},"end":{"line":37,"column":33}},"32":{"start":{"line":39,"column":2},"end":{"line":39,"column":23}},"33":{"start":{"line":43,"column":12},"end":{"line":43,"column":35}},"34":{"start":{"line":44,"column":2},"end":{"line":44,"column":69}},"35":{"start":{"line":48,"column":14},"end":{"line":48,"column":35}},"36":{"start":{"line":49,"column":2},"end":{"line":49,"column":57}},"37":{"start":{"line":49,"column":41},"end":{"line":49,"column":57}},"38":{"start":{"line":50,"column":2},"end":{"line":50,"column":64}},"39":{"start":{"line":54,"column":2},"end":{"line":54,"column":46}},"40":{"start":{"line":54,"column":31},"end":{"line":54,"column":44}},"41":{"start":{"line":58,"column":14},"end":{"line":58,"column":27}},"42":{"start":{"line":59,"column":2},"end":{"line":59,"column":45}},"43":{"start":{"line":59,"column":33},"end":{"line":59,"column":45}},"44":{"start":{"line":60,"column":2},"end":{"line":60,"column":47}},"45":{"start":{"line":60,"column":34},"end":{"line":60,"column":47}},"46":{"start":{"line":61,"column":2},"end":{"line":65,"column":3}},"47":{"start":{"line":62,"column":23},"end":{"line":62,"column":47}},"48":{"start":{"line":63,"column":4},"end":{"line":63,"column":73}},"49":{"start":{"line":63,"column":61},"end":{"line":63,"column":73}},"50":{"start":{"line":64,"column":4},"end":{"line":64,"column":73}},"51":{"start":{"line":64,"column":60},"end":{"line":64,"column":73}},"52":{"start":{"line":66,"column":2},"end":{"line":66,"column":14}},"53":{"start":{"line":71,"column":24},"end":{"line":71,"column":94}},"54":{"start":{"line":72,"column":2},"end":{"line":72,"column":42}},"55":{"start":{"line":72,"column":21},"end":{"line":72,"column":42}},"56":{"start":{"line":75,"column":32},"end":{"line":75,"column":76}},"57":{"start":{"line":76,"column":2},"end":{"line":76,"column":50}},"58":{"start":{"line":76,"column":39},"end":{"line":76,"column":50}},"59":{"start":{"line":77,"column":2},"end":{"line":77,"column":48}},"60":{"start":{"line":77,"column":38},"end":{"line":77,"column":48}},"61":{"start":{"line":81,"column":27},"end":{"line":81,"column":72}},"62":{"start":{"line":82,"column":20},"end":{"line":82,"column":50}},"63":{"start":{"line":83,"column":2},"end":{"line":83,"column":54}},"64":{"start":{"line":83,"column":43},"end":{"line":83,"column":54}},"65":{"start":{"line":86,"column":2},"end":{"line":86,"column":12}},"66":{"start":{"line":97,"column":23},"end":{"line":107,"column":1}},"67":{"start":{"line":114,"column":24},"end":{"line":120,"column":1}},"68":{"start":{"line":123,"column":24},"end":{"line":123,"column":52}},"69":{"start":{"line":129,"column":28},"end":{"line":136,"column":1}},"70":{"start":{"line":154,"column":17},"end":{"line":154,"column":19}},"71":{"start":{"line":156,"column":2},"end":{"line":158,"column":3}},"72":{"start":{"line":157,"column":4},"end":{"line":157,"column":91}},"73":{"start":{"line":160,"column":17},"end":{"line":160,"column":19}},"74":{"start":{"line":163,"column":2},"end":{"line":180,"column":3}},"75":{"start":{"line":164,"column":4},"end":{"line":164,"column":35}},"76":{"start":{"line":167,"column":7},"end":{"line":180,"column":3}},"77":{"start":{"line":168,"column":4},"end":{"line":168,"column":39}},"78":{"start":{"line":171,"column":7},"end":{"line":180,"column":3}},"79":{"start":{"line":172,"column":4},"end":{"line":172,"column":33}},"80":{"start":{"line":175,"column":7},"end":{"line":180,"column":3}},"81":{"start":{"line":176,"column":4},"end":{"line":176,"column":29}},"82":{"start":{"line":179,"column":4},"end":{"line":179,"column":101}},"83":{"start":{"line":182,"column":2},"end":{"line":186,"column":4}},"84":{"start":{"line":205,"column":2},"end":{"line":205,"column":24}},"85":{"start":{"line":206,"column":2},"end":{"line":208,"column":3}},"86":{"start":{"line":207,"column":4},"end":{"line":207,"column":40}},"87":{"start":{"line":213,"column":2},"end":{"line":224,"column":3}},"88":{"start":{"line":214,"column":15},"end":{"line":214,"column":50}},"89":{"start":{"line":215,"column":4},"end":{"line":215,"column":24}},"90":{"start":{"line":218,"column":7},"end":{"line":224,"column":3}},"91":{"start":{"line":219,"column":4},"end":{"line":219,"column":27}},"92":{"start":{"line":223,"column":4},"end":{"line":223,"column":27}},"93":{"start":{"line":226,"column":2},"end":{"line":228,"column":3}},"94":{"start":{"line":227,"column":4},"end":{"line":227,"column":105}},"95":{"start":{"line":231,"column":15},"end":{"line":231,"column":33}},"96":{"start":{"line":232,"column":2},"end":{"line":234,"column":3}},"97":{"start":{"line":233,"column":4},"end":{"line":233,"column":101}},"98":{"start":{"line":236,"column":2},"end":{"line":236,"column":52}},"99":{"start":{"line":248,"column":54},"end":{"line":248,"column":58}},"100":{"start":{"line":249,"column":2},"end":{"line":249,"column":24}},"101":{"start":{"line":251,"column":2},"end":{"line":253,"column":3}},"102":{"start":{"line":252,"column":4},"end":{"line":252,"column":48}},"103":{"start":{"line":256,"column":18},"end":{"line":258,"column":11}},"104":{"start":{"line":260,"column":14},"end":{"line":260,"column":29}},"105":{"start":{"line":262,"column":2},"end":{"line":264,"column":3}},"106":{"start":{"line":263,"column":4},"end":{"line":263,"column":98}},"107":{"start":{"line":266,"column":2},"end":{"line":268,"column":3}},"108":{"start":{"line":267,"column":4},"end":{"line":267,"column":100}},"109":{"start":{"line":270,"column":2},"end":{"line":270,"column":61}},"110":{"start":{"line":277,"column":14},"end":{"line":277,"column":37}},"111":{"start":{"line":278,"column":2},"end":{"line":280,"column":3}},"112":{"start":{"line":279,"column":4},"end":{"line":279,"column":54}},"113":{"start":{"line":281,"column":2},"end":{"line":281,"column":14}},"114":{"start":{"line":295,"column":17},"end":{"line":295,"column":19}},"115":{"start":{"line":296,"column":19},"end":{"line":296,"column":21}},"116":{"start":{"line":299,"column":2},"end":{"line":302,"column":3}},"117":{"start":{"line":300,"column":16},"end":{"line":300,"column":49}},"118":{"start":{"line":301,"column":4},"end":{"line":301,"column":30}},"119":{"start":{"line":301,"column":13},"end":{"line":301,"column":30}},"120":{"start":{"line":304,"column":2},"end":{"line":306,"column":3}},"121":{"start":{"line":305,"column":4},"end":{"line":305,"column":61}},"122":{"start":{"line":309,"column":20},"end":{"line":309,"column":82}},"123":{"start":{"line":310,"column":17},"end":{"line":310,"column":42}},"124":{"start":{"line":311,"column":2},"end":{"line":313,"column":3}},"125":{"start":{"line":312,"column":4},"end":{"line":312,"column":77}},"126":{"start":{"line":316,"column":15},"end":{"line":316,"column":53}},"127":{"start":{"line":317,"column":2},"end":{"line":319,"column":3}},"128":{"start":{"line":318,"column":4},"end":{"line":318,"column":79}},"129":{"start":{"line":322,"column":23},"end":{"line":322,"column":71}},"130":{"start":{"line":323,"column":2},"end":{"line":323,"column":58}},"131":{"start":{"line":323,"column":26},"end":{"line":323,"column":58}},"132":{"start":{"line":325,"column":23},"end":{"line":325,"column":101}},"133":{"start":{"line":326,"column":2},"end":{"line":326,"column":60}},"134":{"start":{"line":326,"column":26},"end":{"line":326,"column":60}},"135":{"start":{"line":328,"column":27},"end":{"line":328,"column":87}},"136":{"start":{"line":329,"column":2},"end":{"line":329,"column":68}},"137":{"start":{"line":329,"column":30},"end":{"line":329,"column":68}},"138":{"start":{"line":334,"column":33},"end":{"line":336,"column":8}},"139":{"start":{"line":337,"column":28},"end":{"line":337,"column":59}},"140":{"start":{"line":338,"column":22},"end":{"line":341,"column":28}},"141":{"start":{"line":342,"column":29},"end":{"line":342,"column":79}},"142":{"start":{"line":343,"column":2},"end":{"line":349,"column":3}},"143":{"start":{"line":345,"column":21},"end":{"line":345,"column":83}},"144":{"start":{"line":346,"column":4},"end":{"line":346,"column":46}},"145":{"start":{"line":347,"column":4},"end":{"line":347,"column":68}},"146":{"start":{"line":348,"column":4},"end":{"line":348,"column":90}},"147":{"start":{"line":352,"column":18},"end":{"line":355,"column":3}},"148":{"start":{"line":356,"column":2},"end":{"line":356,"column":50}},"149":{"start":{"line":356,"column":21},"end":{"line":356,"column":50}},"150":{"start":{"line":359,"column":16},"end":{"line":359,"column":25}},"151":{"start":{"line":360,"column":19},"end":{"line":360,"column":60}},"152":{"start":{"line":361,"column":2},"end":{"line":365,"column":3}},"153":{"start":{"line":362,"column":4},"end":{"line":362,"column":25}},"154":{"start":{"line":363,"column":9},"end":{"line":365,"column":3}},"155":{"start":{"line":364,"column":4},"end":{"line":364,"column":22}},"156":{"start":{"line":368,"column":14},"end":{"line":368,"column":38}},"157":{"start":{"line":369,"column":16},"end":{"line":397,"column":3}},"158":{"start":{"line":406,"column":23},"end":{"line":406,"column":54}},"159":{"start":{"line":407,"column":19},"end":{"line":419,"column":3}},"160":{"start":{"line":421,"column":2},"end":{"line":421,"column":47}},"161":{"start":{"line":431,"column":2},"end":{"line":433,"column":3}},"162":{"start":{"line":432,"column":4},"end":{"line":432,"column":38}},"163":{"start":{"line":435,"column":17},"end":{"line":435,"column":19}},"164":{"start":{"line":436,"column":17},"end":{"line":436,"column":19}},"165":{"start":{"line":438,"column":2},"end":{"line":470,"column":3}},"166":{"start":{"line":440,"column":4},"end":{"line":443,"column":5}},"167":{"start":{"line":441,"column":6},"end":{"line":441,"column":59}},"168":{"start":{"line":442,"column":6},"end":{"line":442,"column":15}},"169":{"start":{"line":445,"column":16},"end":{"line":445,"column":89}},"170":{"start":{"line":446,"column":17},"end":{"line":446,"column":86}},"171":{"start":{"line":447,"column":23},"end":{"line":447,"column":151}},"172":{"start":{"line":448,"column":20},"end":{"line":448,"column":119}},"173":{"start":{"line":449,"column":25},"end":{"line":451,"column":57}},"174":{"start":{"line":453,"column":4},"end":{"line":453,"column":42}},"175":{"start":{"line":453,"column":19},"end":{"line":453,"column":42}},"176":{"start":{"line":454,"column":4},"end":{"line":454,"column":44}},"177":{"start":{"line":454,"column":20},"end":{"line":454,"column":44}},"178":{"start":{"line":456,"column":4},"end":{"line":469,"column":7}},"179":{"start":{"line":472,"column":2},"end":{"line":472,"column":28}},"180":{"start":{"line":476,"column":2},"end":{"line":476,"column":66}},"181":{"start":{"line":476,"column":57},"end":{"line":476,"column":66}},"182":{"start":{"line":477,"column":2},"end":{"line":485,"column":21}},"183":{"start":{"line":478,"column":24},"end":{"line":478,"column":110}},"184":{"start":{"line":479,"column":4},"end":{"line":479,"column":48}},"185":{"start":{"line":479,"column":21},"end":{"line":479,"column":48}},"186":{"start":{"line":481,"column":16},"end":{"line":481,"column":95}},"187":{"start":{"line":482,"column":18},"end":{"line":482,"column":93}},"188":{"start":{"line":483,"column":21},"end":{"line":483,"column":132}},"189":{"start":{"line":484,"column":4},"end":{"line":484,"column":46}},"190":{"start":{"line":493,"column":21},"end":{"line":493,"column":39}},"191":{"start":{"line":494,"column":20},"end":{"line":494,"column":39}},"192":{"start":{"line":497,"column":2},"end":{"line":497,"column":121}},"193":{"start":{"line":501,"column":17},"end":{"line":501,"column":35}},"194":{"start":{"line":502,"column":2},"end":{"line":502,"column":70}},"195":{"start":{"line":506,"column":17},"end":{"line":506,"column":57}},"196":{"start":{"line":507,"column":15},"end":{"line":507,"column":65}},"197":{"start":{"line":509,"column":2},"end":{"line":512,"column":3}},"198":{"start":{"line":510,"column":4},"end":{"line":510,"column":64}},"199":{"start":{"line":511,"column":4},"end":{"line":511,"column":83}},"200":{"start":{"line":514,"column":2},"end":{"line":514,"column":54}},"201":{"start":{"line":518,"column":18},"end":{"line":518,"column":105}},"202":{"start":{"line":519,"column":16},"end":{"line":522,"column":3}},"203":{"start":{"line":524,"column":2},"end":{"line":527,"column":3}},"204":{"start":{"line":525,"column":23},"end":{"line":525,"column":58}},"205":{"start":{"line":526,"column":4},"end":{"line":526,"column":87}},"206":{"start":{"line":529,"column":2},"end":{"line":529,"column":41}},"207":{"start":{"line":533,"column":2},"end":{"line":533,"column":51}},"208":{"start":{"line":533,"column":39},"end":{"line":533,"column":51}},"209":{"start":{"line":534,"column":2},"end":{"line":534,"column":38}},"210":{"start":{"line":534,"column":27},"end":{"line":534,"column":38}},"211":{"start":{"line":536,"column":2},"end":{"line":541,"column":3}},"212":{"start":{"line":537,"column":19},"end":{"line":537,"column":31}},"213":{"start":{"line":538,"column":4},"end":{"line":538,"column":48}},"214":{"start":{"line":540,"column":4},"end":{"line":540,"column":15}},"215":{"start":{"line":554,"column":2},"end":{"line":570,"column":3}},"216":{"start":{"line":554,"column":21},"end":{"line":554,"column":22}},"217":{"start":{"line":555,"column":4},"end":{"line":569,"column":5}},"218":{"start":{"line":556,"column":6},"end":{"line":556,"column":24}},"219":{"start":{"line":558,"column":6},"end":{"line":558,"column":22}},"220":{"start":{"line":559,"column":6},"end":{"line":562,"column":7}},"221":{"start":{"line":560,"column":8},"end":{"line":560,"column":86}},"222":{"start":{"line":561,"column":8},"end":{"line":561,"column":18}},"223":{"start":{"line":563,"column":6},"end":{"line":568,"column":7}},"224":{"start":{"line":564,"column":22},"end":{"line":564,"column":43}},"225":{"start":{"line":565,"column":8},"end":{"line":566,"column":63}},"226":{"start":{"line":567,"column":8},"end":{"line":567,"column":67}},"227":{"start":{"line":567,"column":39},"end":{"line":567,"column":65}},"228":{"start":{"line":571,"column":2},"end":{"line":571,"column":18}},"229":{"start":{"line":594,"column":13},"end":{"line":594,"column":39}},"230":{"start":{"line":595,"column":13},"end":{"line":595,"column":29}},"231":{"start":{"line":596,"column":15},"end":{"line":596,"column":16}},"232":{"start":{"line":596,"column":33},"end":{"line":596,"column":34}},"233":{"start":{"line":596,"column":46},"end":{"line":596,"column":47}},"234":{"start":{"line":597,"column":18},"end":{"line":597,"column":20}},"235":{"start":{"line":598,"column":20},"end":{"line":598,"column":30}},"236":{"start":{"line":601,"column":16},"end":{"line":601,"column":39}},"237":{"start":{"line":602,"column":2},"end":{"line":612,"column":3}},"238":{"start":{"line":603,"column":4},"end":{"line":611,"column":5}},"239":{"start":{"line":604,"column":6},"end":{"line":608,"column":8}},"240":{"start":{"line":610,"column":6},"end":{"line":610,"column":74}},"241":{"start":{"line":614,"column":2},"end":{"line":614,"column":64}},"242":{"start":{"line":616,"column":2},"end":{"line":688,"column":3}},"243":{"start":{"line":617,"column":4},"end":{"line":617,"column":39}},"244":{"start":{"line":620,"column":25},"end":{"line":620,"column":51}},"245":{"start":{"line":623,"column":24},"end":{"line":623,"column":71}},"246":{"start":{"line":625,"column":4},"end":{"line":625,"column":82}},"247":{"start":{"line":628,"column":4},"end":{"line":643,"column":5}},"248":{"start":{"line":629,"column":6},"end":{"line":642,"column":7}},"249":{"start":{"line":630,"column":23},"end":{"line":630,"column":59}},"250":{"start":{"line":631,"column":8},"end":{"line":632,"column":61}},"251":{"start":{"line":631,"column":41},"end":{"line":631,"column":50}},"252":{"start":{"line":632,"column":13},"end":{"line":632,"column":61}},"253":{"start":{"line":632,"column":46},"end":{"line":632,"column":61}},"254":{"start":{"line":633,"column":8},"end":{"line":633,"column":29}},"255":{"start":{"line":635,"column":8},"end":{"line":635,"column":18}},"256":{"start":{"line":636,"column":8},"end":{"line":640,"column":11}},"257":{"start":{"line":641,"column":8},"end":{"line":641,"column":86}},"258":{"start":{"line":646,"column":20},"end":{"line":646,"column":30}},"259":{"start":{"line":647,"column":4},"end":{"line":658,"column":5}},"260":{"start":{"line":648,"column":6},"end":{"line":655,"column":8}},"261":{"start":{"line":657,"column":6},"end":{"line":657,"column":76}},"262":{"start":{"line":661,"column":4},"end":{"line":671,"column":5}},"263":{"start":{"line":662,"column":6},"end":{"line":670,"column":9}},"264":{"start":{"line":675,"column":4},"end":{"line":684,"column":5}},"265":{"start":{"line":676,"column":6},"end":{"line":681,"column":8}},"266":{"start":{"line":683,"column":6},"end":{"line":683,"column":86}},"267":{"start":{"line":686,"column":4},"end":{"line":686,"column":59}},"268":{"start":{"line":687,"column":4},"end":{"line":687,"column":14}},"269":{"start":{"line":690,"column":2},"end":{"line":691,"column":42}},"270":{"start":{"line":692,"column":2},"end":{"line":692,"column":59}},"271":{"start":{"line":696,"column":2},"end":{"line":696,"column":28}},"272":{"start":{"line":696,"column":21},"end":{"line":696,"column":28}},"273":{"start":{"line":698,"column":21},"end":{"line":704,"column":3}},"274":{"start":{"line":706,"column":2},"end":{"line":712,"column":3}},"275":{"start":{"line":707,"column":4},"end":{"line":711,"column":5}},"276":{"start":{"line":708,"column":6},"end":{"line":708,"column":30}},"277":{"start":{"line":710,"column":6},"end":{"line":710,"column":76}},"278":{"start":{"line":730,"column":2},"end":{"line":733,"column":3}},"279":{"start":{"line":731,"column":4},"end":{"line":731,"column":73}},"280":{"start":{"line":732,"column":4},"end":{"line":732,"column":58}},"281":{"start":{"line":738,"column":19},"end":{"line":738,"column":46}},"282":{"start":{"line":739,"column":12},"end":{"line":739,"column":67}},"283":{"start":{"line":741,"column":22},"end":{"line":741,"column":24}},"284":{"start":{"line":742,"column":18},"end":{"line":742,"column":19}},"285":{"start":{"line":743,"column":20},"end":{"line":743,"column":22}},"286":{"start":{"line":745,"column":2},"end":{"line":768,"column":3}},"287":{"start":{"line":746,"column":4},"end":{"line":746,"column":16}},"288":{"start":{"line":747,"column":4},"end":{"line":747,"column":81}},"289":{"start":{"line":750,"column":21},"end":{"line":753,"column":5}},"290":{"start":{"line":751,"column":12},"end":{"line":751,"column":36}},"291":{"start":{"line":756,"column":33},"end":{"line":756,"column":61}},"292":{"start":{"line":757,"column":4},"end":{"line":759,"column":5}},"293":{"start":{"line":758,"column":6},"end":{"line":758,"column":77}},"294":{"start":{"line":761,"column":4},"end":{"line":761,"column":34}},"295":{"start":{"line":764,"column":4},"end":{"line":764,"column":58}},"296":{"start":{"line":765,"column":4},"end":{"line":767,"column":5}},"297":{"start":{"line":766,"column":6},"end":{"line":766,"column":69}},"298":{"start":{"line":770,"column":2},"end":{"line":772,"column":3}},"299":{"start":{"line":771,"column":4},"end":{"line":771,"column":122}},"300":{"start":{"line":774,"column":2},"end":{"line":774,"column":101}},"301":{"start":{"line":775,"column":2},"end":{"line":775,"column":21}},"302":{"start":{"line":784,"column":22},"end":{"line":784,"column":50}},"303":{"start":{"line":785,"column":2},"end":{"line":799,"column":3}},"304":{"start":{"line":786,"column":17},"end":{"line":786,"column":48}},"305":{"start":{"line":787,"column":4},"end":{"line":787,"column":39}},"306":{"start":{"line":789,"column":19},"end":{"line":789,"column":37}},"307":{"start":{"line":790,"column":20},"end":{"line":792,"column":48}},"308":{"start":{"line":793,"column":4},"end":{"line":793,"column":88}},"309":{"start":{"line":794,"column":20},"end":{"line":794,"column":38}},"310":{"start":{"line":795,"column":4},"end":{"line":795,"column":32}},"311":{"start":{"line":796,"column":4},"end":{"line":796,"column":77}},"312":{"start":{"line":797,"column":4},"end":{"line":797,"column":24}},"313":{"start":{"line":798,"column":4},"end":{"line":798,"column":18}},"314":{"start":{"line":810,"column":2},"end":{"line":810,"column":61}},"315":{"start":{"line":810,"column":49},"end":{"line":810,"column":61}},"316":{"start":{"line":813,"column":2},"end":{"line":815,"column":3}},"317":{"start":{"line":814,"column":4},"end":{"line":814,"column":39}},"318":{"start":{"line":818,"column":2},"end":{"line":820,"column":3}},"319":{"start":{"line":819,"column":4},"end":{"line":819,"column":29}},"320":{"start":{"line":823,"column":2},"end":{"line":825,"column":3}},"321":{"start":{"line":824,"column":4},"end":{"line":824,"column":33}},"322":{"start":{"line":827,"column":2},"end":{"line":827,"column":14}},"323":{"start":{"line":835,"column":48},"end":{"line":835,"column":74}},"324":{"start":{"line":837,"column":2},"end":{"line":839,"column":3}},"325":{"start":{"line":838,"column":4},"end":{"line":838,"column":65}},"326":{"start":{"line":841,"column":2},"end":{"line":843,"column":3}},"327":{"start":{"line":842,"column":4},"end":{"line":842,"column":86}},"328":{"start":{"line":845,"column":19},"end":{"line":848,"column":9}},"329":{"start":{"line":850,"column":2},"end":{"line":852,"column":3}},"330":{"start":{"line":851,"column":4},"end":{"line":851,"column":64}},"331":{"start":{"line":855,"column":23},"end":{"line":855,"column":27}},"332":{"start":{"line":856,"column":2},"end":{"line":900,"column":3}},"333":{"start":{"line":857,"column":21},"end":{"line":860,"column":5}},"334":{"start":{"line":862,"column":4},"end":{"line":899,"column":5}},"335":{"start":{"line":863,"column":6},"end":{"line":863,"column":38}},"336":{"start":{"line":864,"column":6},"end":{"line":879,"column":8}},"337":{"start":{"line":881,"column":6},"end":{"line":881,"column":30}},"338":{"start":{"line":882,"column":6},"end":{"line":898,"column":8}},"339":{"start":{"line":903,"column":24},"end":{"line":906,"column":3}},"340":{"start":{"line":911,"column":2},"end":{"line":952,"column":3}},"341":{"start":{"line":913,"column":4},"end":{"line":913,"column":34}},"342":{"start":{"line":914,"column":4},"end":{"line":928,"column":6}},"343":{"start":{"line":929,"column":4},"end":{"line":929,"column":23}},"344":{"start":{"line":932,"column":4},"end":{"line":932,"column":21}},"345":{"start":{"line":933,"column":4},"end":{"line":950,"column":6}},"346":{"start":{"line":951,"column":4},"end":{"line":951,"column":23}},"347":{"start":{"line":955,"column":2},"end":{"line":979,"column":3}},"348":{"start":{"line":956,"column":23},"end":{"line":956,"column":49}},"349":{"start":{"line":957,"column":4},"end":{"line":960,"column":6}},"350":{"start":{"line":961,"column":4},"end":{"line":978,"column":5}},"351":{"start":{"line":962,"column":6},"end":{"line":962,"column":34}},"352":{"start":{"line":963,"column":6},"end":{"line":977,"column":7}},"353":{"start":{"line":964,"column":8},"end":{"line":974,"column":10}},"354":{"start":{"line":976,"column":8},"end":{"line":976,"column":115}},"355":{"start":{"line":982,"column":16},"end":{"line":982,"column":54}},"356":{"start":{"line":983,"column":25},"end":{"line":990,"column":7}},"357":{"start":{"line":985,"column":25},"end":{"line":985,"column":50}},"358":{"start":{"line":986,"column":29},"end":{"line":986,"column":103}},"359":{"start":{"line":987,"column":26},"end":{"line":987,"column":80}},"360":{"start":{"line":988,"column":8},"end":{"line":988,"column":72}},"361":{"start":{"line":992,"column":2},"end":{"line":997,"column":3}},"362":{"start":{"line":993,"column":4},"end":{"line":996,"column":6}},"363":{"start":{"line":999,"column":2},"end":{"line":1001,"column":3}},"364":{"start":{"line":1000,"column":4},"end":{"line":1000,"column":57}},"365":{"start":{"line":1003,"column":2},"end":{"line":1003,"column":60}},"366":{"start":{"line":1018,"column":2},"end":{"line":1032,"column":3}},"367":{"start":{"line":1019,"column":17},"end":{"line":1024,"column":5}},"368":{"start":{"line":1025,"column":4},"end":{"line":1029,"column":5}},"369":{"start":{"line":1026,"column":23},"end":{"line":1026,"column":62}},"370":{"start":{"line":1027,"column":6},"end":{"line":1027,"column":54}},"371":{"start":{"line":1028,"column":6},"end":{"line":1028,"column":22}},"372":{"start":{"line":1031,"column":4},"end":{"line":1031,"column":78}},"373":{"start":{"line":1035,"column":12},"end":{"line":1035,"column":22}},"374":{"start":{"line":1036,"column":2},"end":{"line":1036,"column":29}},"375":{"start":{"line":1037,"column":2},"end":{"line":1037,"column":25}},"376":{"start":{"line":1045,"column":2},"end":{"line":1103,"column":4}},"377":{"start":{"line":1109,"column":0},"end":{"line":1126,"column":2}}},"fnMap":{"0":{"name":"isPostgres","decl":{"start":{"line":14,"column":9},"end":{"line":14,"column":19}},"loc":{"start":{"line":14,"column":22},"end":{"line":18,"column":1}},"line":14},"1":{"name":"p","decl":{"start":{"line":20,"column":9},"end":{"line":20,"column":10}},"loc":{"start":{"line":20,"column":18},"end":{"line":22,"column":1}},"line":20},"2":{"name":"scalar","decl":{"start":{"line":24,"column":9},"end":{"line":24,"column":15}},"loc":{"start":{"line":24,"column":40},"end":{"line":40,"column":1}},"line":24},"3":{"name":"text","decl":{"start":{"line":42,"column":9},"end":{"line":42,"column":13}},"loc":{"start":{"line":42,"column":38},"end":{"line":45,"column":1}},"line":42},"4":{"name":"limitText","decl":{"start":{"line":47,"column":9},"end":{"line":47,"column":18}},"loc":{"start":{"line":47,"column":54},"end":{"line":51,"column":1}},"line":47},"5":{"name":"bind","decl":{"start":{"line":53,"column":9},"end":{"line":53,"column":13}},"loc":{"start":{"line":53,"column":22},"end":{"line":55,"column":1}},"line":53},"6":{"name":"(anonymous_6)","decl":{"start":{"line":54,"column":20},"end":{"line":54,"column":21}},"loc":{"start":{"line":54,"column":31},"end":{"line":54,"column":44}},"line":54},"7":{"name":"parseBoolean","decl":{"start":{"line":57,"column":9},"end":{"line":57,"column":21}},"loc":{"start":{"line":57,"column":29},"end":{"line":67,"column":1}},"line":57},"8":{"name":"mapApprovalStatus","decl":{"start":{"line":69,"column":9},"end":{"line":69,"column":26}},"loc":{"start":{"line":69,"column":37},"end":{"line":87,"column":1}},"line":69},"9":{"name":"parseODataResponse","decl":{"start":{"line":153,"column":9},"end":{"line":153,"column":27}},"loc":{"start":{"line":153,"column":43},"end":{"line":187,"column":1}},"line":153},"10":{"name":"parseDate","decl":{"start":{"line":204,"column":9},"end":{"line":204,"column":18}},"loc":{"start":{"line":204,"column":37},"end":{"line":237,"column":1}},"line":204},"11":{"name":"parseDecimal","decl":{"start":{"line":247,"column":9},"end":{"line":247,"column":21}},"loc":{"start":{"line":247,"column":51},"end":{"line":271,"column":1}},"line":247},"12":{"name":"validateRequired","decl":{"start":{"line":276,"column":9},"end":{"line":276,"column":25}},"loc":{"start":{"line":276,"column":43},"end":{"line":282,"column":1}},"line":276},"13":{"name":"mapSAPOrderToCDS","decl":{"start":{"line":294,"column":9},"end":{"line":294,"column":25}},"loc":{"start":{"line":294,"column":36},"end":{"line":422,"column":1}},"line":294},"14":{"name":"mapSAPItemsToCDS","decl":{"start":{"line":430,"column":9},"end":{"line":430,"column":25}},"loc":{"start":{"line":430,"column":36},"end":{"line":473,"column":1}},"line":430},"15":{"name":"computeOrderAmountFromItems","decl":{"start":{"line":475,"column":9},"end":{"line":475,"column":36}},"loc":{"start":{"line":475,"column":47},"end":{"line":486,"column":1}},"line":475},"16":{"name":"(anonymous_16)","decl":{"start":{"line":477,"column":36},"end":{"line":477,"column":37}},"loc":{"start":{"line":477,"column":53},"end":{"line":485,"column":3}},"line":477},"17":{"name":"getHttpStatus","decl":{"start":{"line":496,"column":9},"end":{"line":496,"column":22}},"loc":{"start":{"line":496,"column":28},"end":{"line":498,"column":1}},"line":496},"18":{"name":"isRetryableError","decl":{"start":{"line":500,"column":9},"end":{"line":500,"column":25}},"loc":{"start":{"line":500,"column":31},"end":{"line":503,"column":1}},"line":500},"19":{"name":"toODataDateTimeOffset","decl":{"start":{"line":505,"column":9},"end":{"line":505,"column":30}},"loc":{"start":{"line":505,"column":38},"end":{"line":515,"column":1}},"line":505},"20":{"name":"buildPurchaseOrderUrl","decl":{"start":{"line":517,"column":9},"end":{"line":517,"column":30}},"loc":{"start":{"line":517,"column":65},"end":{"line":530,"column":1}},"line":517},"21":{"name":"normalizeSapRelativeUrl","decl":{"start":{"line":532,"column":9},"end":{"line":532,"column":32}},"loc":{"start":{"line":532,"column":38},"end":{"line":542,"column":1}},"line":532},"22":{"name":"_withRetry","decl":{"start":{"line":552,"column":15},"end":{"line":552,"column":25}},"loc":{"start":{"line":552,"column":51},"end":{"line":572,"column":1}},"line":552},"23":{"name":"(anonymous_23)","decl":{"start":{"line":567,"column":26},"end":{"line":567,"column":27}},"loc":{"start":{"line":567,"column":39},"end":{"line":567,"column":65}},"line":567},"24":{"name":"syncDelta","decl":{"start":{"line":593,"column":15},"end":{"line":593,"column":24}},"loc":{"start":{"line":593,"column":55},"end":{"line":693,"column":1}},"line":593},"25":{"name":"ensurePostgresSyncSchema","decl":{"start":{"line":695,"column":15},"end":{"line":695,"column":39}},"loc":{"start":{"line":695,"column":44},"end":{"line":713,"column":1}},"line":695},"26":{"name":"_fetchAllPagesFromSAP","decl":{"start":{"line":727,"column":15},"end":{"line":727,"column":36}},"loc":{"start":{"line":727,"column":57},"end":{"line":776,"column":1}},"line":727},"27":{"name":"(anonymous_27)","decl":{"start":{"line":751,"column":6},"end":{"line":751,"column":7}},"loc":{"start":{"line":751,"column":12},"end":{"line":751,"column":36}},"line":751},"28":{"name":"_callSAPDestination","decl":{"start":{"line":783,"column":15},"end":{"line":783,"column":34}},"loc":{"start":{"line":783,"column":40},"end":{"line":800,"column":1}},"line":783},"29":{"name":"_getNextLink","decl":{"start":{"line":809,"column":9},"end":{"line":809,"column":21}},"loc":{"start":{"line":809,"column":32},"end":{"line":828,"column":1}},"line":809},"30":{"name":"_processOneOrder","decl":{"start":{"line":833,"column":15},"end":{"line":833,"column":31}},"loc":{"start":{"line":833,"column":46},"end":{"line":1004,"column":1}},"line":833},"31":{"name":"(anonymous_31)","decl":{"start":{"line":984,"column":22},"end":{"line":984,"column":23}},"loc":{"start":{"line":984,"column":30},"end":{"line":989,"column":7}},"line":984},"32":{"name":"_getLastSyncDate","decl":{"start":{"line":1017,"column":15},"end":{"line":1017,"column":31}},"loc":{"start":{"line":1017,"column":36},"end":{"line":1038,"column":1}},"line":1017},"33":{"name":"_getMockSAPData","decl":{"start":{"line":1044,"column":9},"end":{"line":1044,"column":24}},"loc":{"start":{"line":1044,"column":27},"end":{"line":1104,"column":1}},"line":1044}},"branchMap":{"0":{"loc":{"start":{"line":15,"column":13},"end":{"line":15,"column":39}},"type":"binary-expr","locations":[{"start":{"line":15,"column":13},"end":{"line":15,"column":33}},{"start":{"line":15,"column":37},"end":{"line":15,"column":39}}],"line":15},"1":{"loc":{"start":{"line":16,"column":15},"end":{"line":16,"column":68}},"type":"binary-expr","locations":[{"start":{"line":16,"column":15},"end":{"line":16,"column":22}},{"start":{"line":16,"column":26},"end":{"line":16,"column":56}},{"start":{"line":16,"column":60},"end":{"line":16,"column":68}}],"line":16},"2":{"loc":{"start":{"line":17,"column":9},"end":{"line":17,"column":53}},"type":"binary-expr","locations":[{"start":{"line":17,"column":9},"end":{"line":17,"column":28}},{"start":{"line":17,"column":32},"end":{"line":17,"column":53}}],"line":17},"3":{"loc":{"start":{"line":21,"column":9},"end":{"line":21,"column":41}},"type":"cond-expr","locations":[{"start":{"line":21,"column":24},"end":{"line":21,"column":35}},{"start":{"line":21,"column":38},"end":{"line":21,"column":41}}],"line":21},"4":{"loc":{"start":{"line":24,"column":23},"end":{"line":24,"column":38}},"type":"default-arg","locations":[{"start":{"line":24,"column":34},"end":{"line":24,"column":38}}],"line":24},"5":{"loc":{"start":{"line":25,"column":2},"end":{"line":25,"column":77}},"type":"if","locations":[{"start":{"line":25,"column":2},"end":{"line":25,"column":77}},{"start":{},"end":{}}],"line":25},"6":{"loc":{"start":{"line":25,"column":6},"end":{"line":25,"column":59}},"type":"binary-expr","locations":[{"start":{"line":25,"column":6},"end":{"line":25,"column":20}},{"start":{"line":25,"column":24},"end":{"line":25,"column":43}},{"start":{"line":25,"column":47},"end":{"line":25,"column":59}}],"line":25},"7":{"loc":{"start":{"line":26,"column":2},"end":{"line":26,"column":56}},"type":"if","locations":[{"start":{"line":26,"column":2},"end":{"line":26,"column":56}},{"start":{},"end":{}}],"line":26},"8":{"loc":{"start":{"line":27,"column":2},"end":{"line":27,"column":55}},"type":"if","locations":[{"start":{"line":27,"column":2},"end":{"line":27,"column":55}},{"start":{},"end":{}}],"line":27},"9":{"loc":{"start":{"line":27,"column":41},"end":{"line":27,"column":54}},"type":"cond-expr","locations":[{"start":{"line":27,"column":49},"end":{"line":27,"column":50}},{"start":{"line":27,"column":53},"end":{"line":27,"column":54}}],"line":27},"10":{"loc":{"start":{"line":28,"column":2},"end":{"line":28,"column":74}},"type":"if","locations":[{"start":{"line":28,"column":2},"end":{"line":28,"column":74}},{"start":{},"end":{}}],"line":28},"11":{"loc":{"start":{"line":29,"column":2},"end":{"line":29,"column":43}},"type":"if","locations":[{"start":{"line":29,"column":2},"end":{"line":29,"column":43}},{"start":{},"end":{}}],"line":29},"12":{"loc":{"start":{"line":30,"column":2},"end":{"line":30,"column":88}},"type":"if","locations":[{"start":{"line":30,"column":2},"end":{"line":30,"column":88}},{"start":{},"end":{}}],"line":30},"13":{"loc":{"start":{"line":30,"column":35},"end":{"line":30,"column":87}},"type":"cond-expr","locations":[{"start":{"line":30,"column":50},"end":{"line":30,"column":76}},{"start":{"line":30,"column":79},"end":{"line":30,"column":87}}],"line":30},"14":{"loc":{"start":{"line":31,"column":2},"end":{"line":38,"column":3}},"type":"if","locations":[{"start":{"line":31,"column":2},"end":{"line":38,"column":3}},{"start":{},"end":{}}],"line":31},"15":{"loc":{"start":{"line":32,"column":4},"end":{"line":32,"column":63}},"type":"if","locations":[{"start":{"line":32,"column":4},"end":{"line":32,"column":63}},{"start":{},"end":{}}],"line":32},"16":{"loc":{"start":{"line":33,"column":4},"end":{"line":33,"column":63}},"type":"if","locations":[{"start":{"line":33,"column":4},"end":{"line":33,"column":63}},{"start":{},"end":{}}],"line":33},"17":{"loc":{"start":{"line":34,"column":4},"end":{"line":34,"column":67}},"type":"if","locations":[{"start":{"line":34,"column":4},"end":{"line":34,"column":67}},{"start":{},"end":{}}],"line":34},"18":{"loc":{"start":{"line":35,"column":4},"end":{"line":35,"column":61}},"type":"if","locations":[{"start":{"line":35,"column":4},"end":{"line":35,"column":61}},{"start":{},"end":{}}],"line":35},"19":{"loc":{"start":{"line":36,"column":4},"end":{"line":36,"column":75}},"type":"if","locations":[{"start":{"line":36,"column":4},"end":{"line":36,"column":75}},{"start":{},"end":{}}],"line":36},"20":{"loc":{"start":{"line":42,"column":21},"end":{"line":42,"column":36}},"type":"default-arg","locations":[{"start":{"line":42,"column":32},"end":{"line":42,"column":36}}],"line":42},"21":{"loc":{"start":{"line":44,"column":9},"end":{"line":44,"column":68}},"type":"cond-expr","locations":[{"start":{"line":44,"column":41},"end":{"line":44,"column":49}},{"start":{"line":44,"column":52},"end":{"line":44,"column":68}}],"line":44},"22":{"loc":{"start":{"line":44,"column":9},"end":{"line":44,"column":38}},"type":"binary-expr","locations":[{"start":{"line":44,"column":9},"end":{"line":44,"column":19}},{"start":{"line":44,"column":23},"end":{"line":44,"column":38}}],"line":44},"23":{"loc":{"start":{"line":47,"column":37},"end":{"line":47,"column":52}},"type":"default-arg","locations":[{"start":{"line":47,"column":48},"end":{"line":47,"column":52}}],"line":47},"24":{"loc":{"start":{"line":49,"column":2},"end":{"line":49,"column":57}},"type":"if","locations":[{"start":{"line":49,"column":2},"end":{"line":49,"column":57}},{"start":{},"end":{}}],"line":49},"25":{"loc":{"start":{"line":49,"column":6},"end":{"line":49,"column":39}},"type":"binary-expr","locations":[{"start":{"line":49,"column":6},"end":{"line":49,"column":18}},{"start":{"line":49,"column":22},"end":{"line":49,"column":39}}],"line":49},"26":{"loc":{"start":{"line":50,"column":9},"end":{"line":50,"column":63}},"type":"cond-expr","locations":[{"start":{"line":50,"column":34},"end":{"line":50,"column":57}},{"start":{"line":50,"column":60},"end":{"line":50,"column":63}}],"line":50},"27":{"loc":{"start":{"line":59,"column":2},"end":{"line":59,"column":45}},"type":"if","locations":[{"start":{"line":59,"column":2},"end":{"line":59,"column":45}},{"start":{},"end":{}}],"line":59},"28":{"loc":{"start":{"
[...]
"type":"binary-expr","locations":[{"start":{"line":240,"column":27},"end":{"line":240,"column":42}},{"start":{"line":240,"column":46},"end":{"line":240,"column":48}}],"line":240},"64":{"loc":{"start":{"line":240,"column":71},"end":{"line":240,"column":92}},"type":"binary-expr","locations":[{"start":{"line":240,"column":71},"end":{"line":240,"column":86}},{"start":{"line":240,"column":90},"end":{"line":240,"column":92}}],"line":240},"65":{"loc":{"start":{"line":246,"column":12},"end":{"line":246,"column":48}},"type":"binary-expr","locations":[{"start":{"line":246,"column":12},"end":{"line":246,"column":27}},{"start":{"line":246,"column":31},"end":{"line":246,"column":48}}],"line":246},"66":{"loc":{"start":{"line":247,"column":18},"end":{"line":247,"column":66}},"type":"binary-expr","locations":[{"start":{"line":247,"column":18},"end":{"line":247,"column":39}},{"start":{"line":247,"column":43},"end":{"line":247,"column":66}}],"line":247},"67":{"loc":{"start":{"line":250,"column":18},"end":{"line":253,"column":16}},"type":"cond-expr","locations":[{"start":{"line":250,"column":26},"end":{"line":253,"column":9}},{"start":{"line":253,"column":12},"end":{"line":253,"column":16}}],"line":250},"68":{"loc":{"start":{"line":259,"column":29},"end":{"line":259,"column":47}},"type":"default-arg","locations":[{"start":{"line":259,"column":45},"end":{"line":259,"column":47}}],"line":259},"69":{"loc":{"start":{"line":259,"column":31},"end":{"line":259,"column":40}},"type":"default-arg","locations":[{"start":{"line":259,"column":37},"end":{"line":259,"column":40}}],"line":259},"70":{"loc":{"start":{"line":263,"column":27},"end":{"line":263,"column":44}},"type":"binary-expr","locations":[{"start":{"line":263,"column":27},"end":{"line":263,"column":38}},{"start":{"line":263,"column":42},"end":{"line":263,"column":44}}],"line":263},"71":{"loc":{"start":{"line":263,"column":67},"end":{"line":263,"column":84}},"type":"binary-expr","locations":[{"start":{"line":263,"column":67},"end":{"line":263,"column":78}},{"start":{"line":263,"column":82},"end":{"line":263,"column":84}}],"line":263},"72":{"loc":{"start":{"line":270,"column":14},"end":{"line":274,"column":16}},"type":"cond-expr","locations":[{"start":{"line":270,"column":21},"end":{"line":274,"column":9}},{"start":{"line":274,"column":12},"end":{"line":274,"column":16}}],"line":270},"73":{"loc":{"start":{"line":275,"column":18},"end":{"line":278,"column":16}},"type":"cond-expr","locations":[{"start":{"line":275,"column":26},"end":{"line":278,"column":9}},{"start":{"line":278,"column":12},"end":{"line":278,"column":16}}],"line":275},"74":{"loc":{"start":{"line":284,"column":30},"end":{"line":284,"column":47}},"type":"default-arg","locations":[{"start":{"line":284,"column":45},"end":{"line":284,"column":47}}],"line":284},"75":{"loc":{"start":{"line":284,"column":32},"end":{"line":284,"column":40}},"type":"default-arg","locations":[{"start":{"line":284,"column":38},"end":{"line":284,"column":40}}],"line":284},"76":{"loc":{"start":{"line":286,"column":27},"end":{"line":286,"column":60}},"type":"binary-expr","locations":[{"start":{"line":286,"column":27},"end":{"line":286,"column":39}},{"start":{"line":286,"column":43},"end":{"line":286,"column":54}},{"start":{"line":286,"column":58},"end":{"line":286,"column":60}}],"line":286},"77":{"loc":{"start":{"line":286,"column":83},"end":{"line":286,"column":116}},"type":"binary-expr","locations":[{"start":{"line":286,"column":83},"end":{"line":286,"column":95}},{"start":{"line":286,"column":99},"end":{"line":286,"column":110}},{"start":{"line":286,"column":114},"end":{"line":286,"column":116}}],"line":286},"78":{"loc":{"start":{"line":290,"column":31},"end":{"line":290,"column":56}},"type":"binary-expr","locations":[{"start":{"line":290,"column":31},"end":{"line":290,"column":51}},{"start":{"line":290,"column":55},"end":{"line":290,"column":56}}],"line":290},"79":{"loc":{"start":{"line":291,"column":28},"end":{"line":291,"column":50}},"type":"binary-expr","locations":[{"start":{"line":291,"column":28},"end":{"line":291,"column":45}},{"start":{"line":291,"column":49},"end":{"line":291,"column":50}}],"line":291},"80":{"loc":{"start":{"line":292,"column":22},"end":{"line":292,"column":38}},"type":"binary-expr","locations":[{"start":{"line":292,"column":22},"end":{"line":292,"column":33}},{"start":{"line":292,"column":37},"end":{"line":292,"column":38}}],"line":292},"81":{"loc":{"start":{"line":299,"column":27},"end":{"line":299,"column":45}},"type":"binary-expr","locations":[{"start":{"line":299,"column":27},"end":{"line":299,"column":39}},{"start":{"line":299,"column":43},"end":{"line":299,"column":45}}],"line":299},"82":{"loc":{"start":{"line":299,"column":68},"end":{"line":299,"column":86}},"type":"binary-expr","locations":[{"start":{"line":299,"column":68},"end":{"line":299,"column":80}},{"start":{"line":299,"column":84},"end":{"line":299,"column":86}}],"line":299},"83":{"loc":{"start":{"line":302,"column":16},"end":{"line":302,"column":67}},"type":"cond-expr","locations":[{"start":{"line":302,"column":40},"end":{"line":302,"column":44}},{"start":{"line":302,"column":47},"end":{"line":302,"column":67}}],"line":302},"84":{"loc":{"start":{"line":303,"column":16},"end":{"line":303,"column":67}},"type":"cond-expr","locations":[{"start":{"line":303,"column":40},"end":{"line":303,"column":44}},{"start":{"line":303,"column":47},"end":{"line":303,"column":67}}],"line":303},"85":{"loc":{"start":{"line":304,"column":11},"end":{"line":304,"column":52}},"type":"cond-expr","locations":[{"start":{"line":304,"column":30},"end":{"line":304,"column":34}},{"start":{"line":304,"column":37},"end":{"line":304,"column":52}}],"line":304},"86":{"loc":{"start":{"line":305,"column":10},"end":{"line":305,"column":49}},"type":"cond-expr","locations":[{"start":{"line":305,"column":28},"end":{"line":305,"column":32}},{"start":{"line":305,"column":35},"end":{"line":305,"column":49}}],"line":305},"87":{"loc":{"start":{"line":306,"column":27},"end":{"line":306,"column":48}},"type":"binary-expr","locations":[{"start":{"line":306,"column":27},"end":{"line":306,"column":43}},{"start":{"line":306,"column":47},"end":{"line":306,"column":48}}],"line":306},"88":{"loc":{"start":{"line":307,"column":13},"end":{"line":307,"column":55}},"type":"binary-expr","locations":[{"start":{"line":307,"column":13},"end":{"line":307,"column":31}},{"start":{"line":307,"column":35},"end":{"line":307,"column":55}}],"line":307}},"s":{"0":2,"1":2,"2":2,"3":2,"4":0,"5":7,"6":7,"7":7,"8":7,"9":7,"10":0,"11":0,"12":0,"13":0,"14":0,"15":0,"16":0,"17":0,"18":0,"19":0,"20":0,"21":0,"22":0,"23":0,"24":0,"25":0,"26":0,"27":0,"28":0,"29":0,"30":0,"31":0,"32":0,"33":0,"34":0,"35":0,"36":0,"37":0,"38":2,"39":0,"40":0,"41":0,"42":0,"43":0,"44":0,"45":0,"46":0,"47":0,"48":0,"49":0,"50":0,"51":0,"52":0,"53":0,"54":0,"55":0,"56":0,"57":0,"58":0,"59":0,"60":0,"61":0,"62":0,"63":0,"64":0,"65":0,"66":0,"67":0,"68":0,"69":0,"70":0,"71":0,"72":0,"73":0,"74":0,"75":0,"76":0,"77":0,"78":0,"79":0,"80":0,"81":0,"82":0,"83":0,"84":0,"85":0,"86":0,"87":0,"88":0,"89":0,"90":0,"91":0,"92":0,"93":0,"94":0,"95":0,"96":0,"97":0,"98":0,"99":0,"100":0,"101":0,"102":0,"103":0,"104":0,"105":0,"106":0,"107":0,"108":0,"109":0,"110":0,"111":0,"112":0,"113":0,"114":0,"115":0,"116":0,"117":0,"118":0,"119":0,"120":0,"121":0,"122":0,"123":0,"124":0,"125":0,"126":0,"127":0,"128":0,"129":0,"130":0,"131":0,"132":0,"133":0,"134":0,"135":0,"136":0,"137":0,"138":0,"139":0,"140":0,"141":0,"142":0,"143":0,"144":0,"145":2},"f":{"0":0,"1":7,"2":0,"3":0,"4":0,"5":0,"6":0,"7":0,"8":0,"9":0,"10":0,"11":0,"12":0,"13":0,"14":0,"15":0,"16":0,"17":0,"18":0,"19":0,"20":0,"21":0,"22":0,"23":0,"24":0,"25":0,"26":0,"27":0,"28":0,"29":0,"30":0,"31":0,"32":0,"33":0,"34":0,"35":0,"36":0,"37":0,"38":0,"39":0,"40":0,"41":0,"42":0},"b":{"0":[7,4],"1":[7,6,6],"2":[7,0,0],"3":[7,4,4,3,3,3,3,2,2,1,1],"4":[0,0],"5":[0,0,0],"6":[0,0],"7":[0,0],"8":[0,0],"9":[0,0],"10":[0,0],"11":[0,0],"12":[0,0],"13":[0,0],"14":[0,0],"15":[0,0],"16":[0,0],"17":[0],"18":[0],"19":[0],"20":[0],"21":[0,0],"22":[0,0],"23":[0,0],"24":[0,0],"25":[0,0],"26":[0,0],"27":[0,0],"28":[0,0],"29":[0,0],"30":[0],"31":[0],"32":[0],"33":[0],"34":[0,0],"35":[0,0],"36":[0,0],"37":[0,0],"38":[0,0],"39":[0,0],"40":[0,0],"41":[0,0],"42":[0,0],"43":[0,0],"44":[0],"45":[0,0],"46":[0,0],"47":[0,0],"48":[0,0],"49":[0,0],"50":[0,0],"51":[0,0,0,0],"52":[0,0],"53":[0,0],"54":[0],"55":[0],"56":[0],"57":[0,0],"58":[0,0],"59":[0,0],"60":[0,0],"61":[0],"62":[0],"63":[0,0],"64":[0,0],"65":[0,0],"66":[0,0],"67":[0,0],"68":[0],"69":[0],"70":[0,0],"71":[0,0],"72":[0,0],"73":[0,0],"74":[0],"75":[0],"76":[0,0,0],"77":[0,0,0],"78":[0,0],"79":[0,0],"80":[0,0],"81":[0,0],"82":[0,0],"83":[0,0],"84":[0,0],"85":[0,0],"86":[0,0],"87":[0,0],"88":[0,0]},"_coverageSchema":"1a1c01bbd47fc00a2c39e90264f33305004495a9","hash":"4dc29e6759e844f3bc538cb7e53627976c18b4a2"}
,"C:\\Users\\hp\\Documents\\SAPBTP\\SmartOrder\\srv\\utils\\identity.js": {"path":"C:\\Users\\hp\\Documents\\SAPBTP\\SmartOrder\\srv\\utils\\identity.js","statementMap":{"0":{"start":{"line":4,"column":2},"end":{"line":4,"column":24}},"1":{"start":{"line":4,"column":14},"end":{"line":4,"column":24}},"2":{"start":{"line":5,"column":2},"end":{"line":5,"column":41}},"3":{"start":{"line":5,"column":28},"end":{"line":5,"column":41}},"4":{"start":{"line":6,"column":2},"end":{"line":6,"column":75}},"5":{"start":{"line":6,"column":33},"end":{"line":6,"column":75}},"6":{"start":{"line":7,"column":2},"end":{"line":7,"column":12}},"7":{"start":{"line":11,"column":2},"end":{"line":11,"column":48}},"8":{"start":{"line":11,"column":38},"end":{"line":11,"column":48}},"9":{"start":{"line":13,"column":2},"end":{"line":20,"column":3}},"10":{"start":{"line":14,"column":20},"end":{"line":14,"column":39}},"11":{"start":{"line":15,"column":23},"end":{"line":15,"column":68}},"12":{"start":{"line":16,"column":19},"end":{"line":16,"column":96}},"13":{"start":{"line":17,"column":4},"end":{"line":17,"column":70}},"14":{"start":{"line":19,"column":4},"end":{"line":19,"column":14}},"15":{"start":{"line":24,"column":2},"end":{"line":24,"column":24}},"16":{"start":{"line":24,"column":14},"end":{"line":24,"column":24}},"17":{"start":{"line":25,"column":2},"end":{"line":25,"column":85}},"18":{"start":{"line":29,"column":16},"end":{"line":29,"column":56}},"19":{"start":{"line":30,"column":19},"end":{"line":35,"column":3}},"20":{"start":{"line":36,"column":19},"end":{"line":36,"column":42}},"21":{"start":{"line":37,"column":20},"end":{"line":37,"column":49}},"22":{"start":{"line":38,"column":21},"end":{"line":38,"column":51}},"23":{"start":{"line":39,"column":23},"end":{"line":39,"column":79}},"24":{"start":{"line":40,"column":22},"end":{"line":40,"column":83}},"25":{"start":{"line":42,"column":2},"end":{"line":54,"column":4}},"26":{"start":{"line":58,"column":18},"end":{"line":60,"column":37}},"27":{"start":{"line":61,"column":22},"end":{"line":61,"column":53}},"28":{"start":{"line":62,"column":15},"end":{"line":62,"column":30}},"29":{"start":{"line":63,"column":15},"end":{"line":63,"column":75}},"30":{"start":{"line":64,"column":20},"end":{"line":64,"column":87}},"31":{"start":{"line":65,"column":21},"end":{"line":65,"column":87}},"32":{"start":{"line":66,"column":23},"end":{"line":66,"column":79}},"33":{"start":{"line":67,"column":19},"end":{"line":67,"column":78}},"34":{"start":{"line":68,"column":16},"end":{"line":68,"column":71}},"35":{"start":{"line":70,"column":2},"end":{"line":96,"column":4}},"36":{"start":{"line":99,"column":0},"end":{"line":104,"column":2}}},"fnMap":{"0":{"name":"normalizeArray","decl":{"start":{"line":3,"column":9},"end":{"line":3,"column":23}},"loc":{"start":{"line":3,"column":31},"end":{"line":8,"column":1}},"line":3},"1":{"name":"decodeJwtPayload","decl":{"start":{"line":10,"column":9},"end":{"line":10,"column":25}},"loc":{"start":{"line":10,"column":33},"end":{"line":21,"column":1}},"line":10},"2":{"name":"cleanText","decl":{"start":{"line":23,"column":9},"end":{"line":23,"column":18}},"loc":{"start":{"line":23,"column":26},"end":{"line":26,"column":1}},"line":23},"3":{"name":"getIdentityFromPayload","decl":{"start":{"line":28,"column":9},"end":{"line":28,"column":31}},"loc":{"start":{"line":28,"column":46},"end":{"line":55,"column":1}},"line":28},"4":{"name":"getIdentityFromUser","decl":{"start":{"line":57,"column":9},"end":{"line":57,"column":28}},"loc":{"start":{"line":57,"column":40},"end":{"line":97,"column":1}},"line":57}},"branchMap":{"0":{"loc":{"start":{"line":4,"column":2},"end":{"line":4,"column":24}},"type":"if","locations":[{"start":{"line":4,"column":2},"end":{"line":4,"column":24}},{"start":{},"end":{}}],"line":4},"1":{"loc":{"start":{"line":5,"column":2},"end":{"line":5,"column":41}},"type":"if","locations":[{"start":{"line":5,"column":2},"end":{"line":5,"column":41}},{"start":{},"end":{}}],"line":5},"2":{"loc":{"start":{"line":6,"column":2},"end":{"line":6,"column":75}},"type":"if","locations":[{"start":{"line":6,"column":2},"end":{"line":6,"column":75}},{"start":{},"end":{}}],"line":6},"3":{"loc":{"start":{"line":11,"column":2},"end":{"line":11,"column":48}},"type":"if","locations":[{"start":{"line":11,"column":2},"end":{"line":11,"column":48}},{"start":{},"end":{}}],"line":11},"4":{"loc":{"start":{"line":11,"column":6},"end":{"line":11,"column":36}},"type":"binary-expr","locations":[{"start":{"line":11,"column":6},"end":{"line":11,"column":12}},{"start":{"line":11,"column":16},"end":{"line":11,"column":36}}],"line":11},"5":{"loc":{"start":{"line":24,"column":2},"end":{"line":24,"column":24}},"type":"if","locations":[{"start":{"line":24,"column":2},"end":{"line":24,"column":24}},{"start":{},"end":{}}],"line":24},"6":{"loc":{"start":{"line":25,"column":9},"end":{"line":25,"column":84}},"type":"cond-expr","locations":[{"start":{"line":25,"column":32},"end":{"line":25,"column":61}},{"start":{"line":25,"column":64},"end":{"line":25,"column":84}}],"line":25},"7":{"loc":{"start":{"line":25,"column":39},"end":{"line":25,"column":53}},"type":"binary-expr","locations":[{"start":{"line":25,"column":39},"end":{"line":25,"column":47}},{"start":{"line":25,"column":51},"end":{"line":25,"column":53}}],"line":25},"8":{"loc":{"start":{"line":28,"column":32},"end":{"line":28,"column":44}},"type":"default-arg","locations":[{"start":{"line":28,"column":42},"end":{"line":28,"column":44}}],"line":28},"9":{"loc":{"start":{"line":29,"column":26},"end":{"line":29,"column":55}},"type":"binary-expr","locations":[{"start":{"line":29,"column":26},"end":{"line":29,"column":39}},{"start":{"line":29,"column":43},"end":{"line":29,"column":55}}],"line":29},"10":{"loc":{"start":{"line":31,"column":4},"end":{"line":34,"column":20}},"type":"binary-expr","locations":[{"start":{"line":31,"column":4},"end":{"line":31,"column":21}},{"start":{"line":32,"column":9},"end":{"line":32,"column":35}},{"start":{"line":33,"column":9},"end":{"line":33,"column":14}},{"start":{"line":34,"column":9},"end":{"line":34,"column":20}}],"line":31},"11":{"loc":{"start":{"line":40,"column":22},"end":{"line":40,"column":83}},"type":"binary-expr","locations":[{"start":{"line":40,"column":22},"end":{"line":40,"column":30}},{"start":{"line":40,"column":34},"end":{"line":40,"column":46}},{"start":{"line":40,"column":50},"end":{"line":40,"column":58}},{"start":{"line":40,"column":62},"end":{"line":40,"column":67}},{"start":{"line":40,"column":71},"end":{"line":40,"column":83}}],"line":40},"12":{"loc":{"start":{"line":43,"column":14},"end":{"line":43,"column":38}},"type":"binary-expr","locations":[{"start":{"line":43,"column":14},"end":{"line":43,"column":22}},{"start":{"line":43,"column":26},"end":{"line":43,"column":38}}],"line":43},"13":{"loc":{"start":{"line":46,"column":23},"end":{"line":46,"column":56}},"type":"binary-expr","locations":[{"start":{"line":46,"column":23},"end":{"line":46,"column":38}},{"start":{"line":46,"column":42},"end":{"line":46,"column":56}}],"line":46},"14":{"loc":{"start":{"line":57,"column":29},"end":{"line":57,"column":38}},"type":"default-arg","locations":[{"start":{"line":57,"column":36},"end":{"line":57,"column":38}}],"line":57},"15":{"loc":{"start":{"line":58,"column":18},"end":{"line":60,"column":37}},"type":"cond-expr","locations":[{"start":{"line":59,"column":6},"end":{"line":59,"column":33}},{"start":{"line":60,"column":7},"end":{"line":60,"column":36}}],"line":58},"16":{"loc":{"start":{"line":60,"column":7},"end":{"line":60,"column":36}},"type":"binary-expr","locations":[{"start":{"line":60,"column":7},"end":{"line":60,"column":15}},{"start":{"line":60,"column":19},"end":{"line":60,"column":30}},{"start":{"line":60,"column":34},"end":{"line":60,"column":36}}],"line":60},"17":{"loc":{"start":{"line":62,"column":15},"end":{"line":62,"column":30}},"type":"binary-expr","locations":[{"start":{"line":62,"column":15},"end":{"line":62,"column":24}},{"start":{"line":62,"column":28},"end":{"line":62,"column":30}}],"line":62},"18":{"loc":{"start":{"line":63,"column":25},"end":{"line":63,"column":74}},"type":"binary-expr","locations":[{"start":{"line":63,"column":25},"end":{"line":63,"column":34}},{"start":{"line":63,"column":38},"end":{"line":63,"column":54}},{"start":{"line":63,"column":58},"end":{"line":63,"column":74}}],"line":63},"19":{"loc":{"start":{"line":64,"column":30},"end":{"line":64,"column":86}},"type":"binary-expr","locations":[{"start":{"line":64,"column":30},"end":{"line":64,"column":45}},{"start":{"line":64,"column":49},"end":{"line":64,"column":60}},{"start":{"line":64,"column":64},"end":{"line":64,"column":86}}],"line":64},"20":{"loc":{"start":{"line":65,"column":31},"end":{"line":65,"column":86}},"type":"binary-expr","locations":[{"start":{"line":65,"column":31},"end":{"line":65,"column":47}},{"start":{"line":65,"column":51},"end":{"line":65,"column":59}},{"start":{"line":65,"column":63},"end":{"line":65,"column":86}}],"line":65},"21":{"loc":{"start":{"line":67,"column":29},"end":{"line":67,"column":77}},"type":"binary-expr","locations":[{"start":{"line":67,"column":29},"end":{"line":67,"column":42}},{"start":{"line":67,"column":46},"end":{"line":67,"column":53}},{"start":{"line":67,"column":57},"end":{"line":67,"column":77}}],"line":67},"22":{"loc":{"start":{"line":68,"column":26},"end":{"line":68,"column":70}},"type":"binary-expr","locations":[{"start":{"line":68,"column":26},"end":{"line":68,"column":36}},{"start":{"line":68,"column":40},"end":{"line":68,"column":49}},{"start":{"line":68,"column":53},"end":{"line":68,"column":70}}],"line":68},"23":{"loc":{"start":{"line":71,"column":14},"end":{"line":71,"column":47}},"type":"binary-expr","locations":[{"start":{"line":71,"column":14},"end":{"line":71,"column":22}},{"start":{"line":71,"column":26},"end":{"line":71,"column":31}},{"start":{"line":71,"column":35},"end":{"line":71,"column":47}}],"line":71},"24":{"loc":{"start":{"line":78,"column":17},"end":{"line":78,"column":74}},"type":"binary-expr","locations":[{"start":{"line":78,"column":17},"end":{"line":78,"column":21}},{"start":{"line":78,"column":25},"end":{"line":78,"column":37}},{"start":{"line":78,"column":41},"end":{"line":78,"column":49}},{"start":{"line":78,"column":53},"end":{"line":78,"column":58}},{"start":{"line":78,"column":62},"end":{"line":78,"column":74}}],"line":78}},"s":{"0":28,"1":25,"2":3,"3":3,"4":0,"5":0,"6":0,"7":1,"8":0,"9":1,"10":1,"11":1,"12":1,"13":1,"14":0,"15":38,"16":10,"17":28,"18":4,"19":4,"20":4,"21":4,"22":4,"23":4,"24":4,"25":4,"26":2,"27":2,"28":2,"29":2,"30":2,"31":2,"32":2,"33":2,"34":2,"35":2,"36":2},"f":{"0":28,"1":1,"2":38,"3":4,"4":2},"b":{"0":[25,3],"1":[3,0],"2":[0,0],"3":[0,1],"4":[1,1],"5":[10,28],"6":[0,28],"7":[0,0],"8":[0],"9":[4,1],"10":[4,3,2,0],"11":[4,1,0,0,0],"12":[4,0],"13":[4,3],"14":[0],"15":[2,0],"16":[0,0,0],"17":[2,1],"18":[2,2,2],"19":[2,2,1],"20":[2,2,1],"21":[2,2,0],"22":[2,2,2],"23":[2,0,0],"24":[2,0,0,0,0]},"_coverageSchema":"1a1c01bbd47fc00a2c39e90264f33305004495a9","hash":"2a88c1704b3b144d25a53cd112fd1c78f55c124a"}
}
