TN:
SF:srv\routes\profile.js
FN:47,getUserFromDB
FN:89,applyAuthenticatedIdentity
FN:109,validatePreferences
FN:141,(anonymous_3)
FN:153,(anonymous_4)
FN:182,(anonymous_5)
FN:242,(anonymous_6)
FNF:7
FNH:3
FNDA:1,getUserFromDB
FNDA:1,applyAuthenticatedIdentity
FNDA:0,validatePreferences
FNDA:0,(anonymous_3)
FNDA:1,(anonymous_4)
FNDA:0,(anonymous_5)
FNDA:0,(anonymous_6)
DA:17,1
DA:18,1
DA:19,1
DA:24,1
DA:25,1
DA:27,1
DA:32,1
DA:33,1
DA:34,1
DA:35,1
DA:36,1
DA:37,1
DA:38,1
DA:39,1
DA:40,1
DA:42,1
DA:48,1
DA:49,1
DA:53,1
DA:61,1
DA:62,0
DA:66,1
DA:67,1
DA:68,1
DA:70,0
DA:75,1
DA:76,0
DA:77,0
DA:79,0
DA:84,1
DA:86,1
DA:90,1
DA:92,1
DA:110,0
DA:112,0
DA:113,0
DA:116,0
DA:117,0
DA:120,0
DA:121,0
DA:124,0
DA:125,0
DA:128,0
DA:129,0
DA:132,0
DA:133,0
DA:136,0
DA:137,0
DA:140,0
DA:141,0
DA:142,0
DA:143,0
DA:147,0
DA:153,1
DA:154,1
DA:155,1
DA:156,1
DA:158,1
DA:159,1
DA:161,0
DA:163,0
DA:164,0
DA:165,0
DA:166,0
DA:167,0
DA:171,0
DA:172,0
DA:175,0
DA:182,1
DA:183,0
DA:184,0
DA:185,0
DA:188,0
DA:189,0
DA:196,0
DA:197,0
DA:204,0
DA:205,0
DA:211,0
DA:212,0
DA:215,0
DA:216,0
DA:217,0
DA:218,0
DA:219,0
DA:220,0
DA:222,0
DA:228,0
DA:231,0
DA:232,0
DA:234,0
DA:235,0
DA:242,1
DA:243,0
DA:244,0
DA:245,0
DA:248,0
DA:249,0
DA:250,0
DA:256,0
DA:257,0
DA:260,0
DA:262,0
DA:268,0
DA:271,0
DA:272,0
DA:274,0
DA:275,0
DA:279,1
LF:109
LH:37
BRDA:49,0,0,1
BRDA:49,0,1,0
BRDA:49,1,0,1
BRDA:49,1,1,1
BRDA:61,2,0,0
BRDA:61,2,1,1
BRDA:66,3,0,1
BRDA:66,3,1,0
BRDA:66,4,0,1
BRDA:66,4,1,1
BRDA:75,5,0,0
BRDA:75,5,1,1
BRDA:75,6,0,1
BRDA:75,6,1,0
BRDA:94,7,0,1
BRDA:94,7,1,1
BRDA:94,7,2,0
BRDA:95,8,0,1
BRDA:95,8,1,0
BRDA:96,9,0,1
BRDA:96,9,1,0
BRDA:98,10,0,1
BRDA:98,10,1,0
BRDA:99,11,0,1
BRDA:99,11,1,0
BRDA:100,12,0,1
BRDA:100,12,1,0
BRDA:102,13,0,0
BRDA:102,13,1,0
BRDA:102,14,0,0
BRDA:102,14,1,0
BRDA:112,15,0,0
BRDA:112,15,1,0
BRDA:112,16,0,0
BRDA:112,16,1,0
BRDA:116,17,0,0
BRDA:116,17,1,0
BRDA:116,18,0,0
BRDA:116,18,1,0
BRDA:120,19,0,0
BRDA:120,19,1,0
BRDA:120,20,0,0
BRDA:120,20,1,0
BRDA:124,21,0,0
BRDA:124,21,1,0
BRDA:124,22,0,0
BRDA:124,22,1,0
BRDA:128,23,0,0
BRDA:128,23,1,0
BRDA:128,24,0,0
BRDA:128,24,1,0
BRDA:132,25,0,0
BRDA:132,25,1,0
BRDA:132,26,0,0
BRDA:132,26,1,0
BRDA:136,27,0,0
BRDA:136,27,1,0
BRDA:136,28,0,0
BRDA:136,28,1,0
BRDA:140,29,0,0
BRDA:140,29,1,0
BRDA:142,30,0,0
BRDA:142,30,1,0
BRDA:163,31,0,0
BRDA:163,31,1,0
BRDA:163,32,0,0
BRDA:163,32,1,0
BRDA:165,33,0,0
BRDA:165,33,1,0
BRDA:171,34,0,0
BRDA:171,34,1,0
BRDA:188,35,0,0
BRDA:188,35,1,0
BRDA:188,36,0,0
BRDA:188,36,1,0
BRDA:196,37,0,0
BRDA:196,37,1,0
BRDA:196,38,0,0
BRDA:196,38,1,0
BRDA:204,39,0,0
BRDA:204,39,1,0
BRDA:204,40,0,0
BRDA:204,40,1,0
BRDA:216,41,0,0
BRDA:216,41,1,0
BRDA:217,42,0,0
BRDA:217,42,1,0
BRDA:218,43,0,0
BRDA:218,43,1,0
BRDA:219,44,0,0
BRDA:219,44,1,0
BRDA:220,45,0,0
BRDA:220,45,1,0
BRDA:249,46,0,0
BRDA:249,46,1,0
BRF:95
BRH:16
end_of_record
TN:
SF:srv\services\supplierService.js
FN:15,normalizeCountryCode
FN:21,toNumber
FN:26,toDateOnly
FN:32,isCancelled
FN:36,isDelivered
FN:40,isLate
FN:51,dayDiff
FN:58,buildSupplierMetrics
FN:59,(anonymous_8)
FN:64,(anonymous_9)
FN:65,(anonymous_10)
FN:69,(anonymous_11)
FN:84,getSupplierRows
FN:107,(anonymous_13)
FN:108,(anonymous_14)
FN:117,getOrdersBySupplier
FN:137,(anonymous_16)
FN:144,listSuppliers
FN:152,(anonymous_18)
FN:165,recalculateSupplierMetrics
FNF:20
FNH:12
FNDA:3,normalizeCountryCode
FNDA:2,toNumber
FNDA:6,toDateOnly
FNDA:5,isCancelled
FNDA:2,isDelivered
FNDA:2,isLate
FNDA:1,dayDiff
FNDA:1,buildSupplierMetrics
FNDA:3,(anonymous_8)
FNDA:1,(anonymous_9)
FNDA:1,(anonymous_10)
FNDA:1,(anonymous_11)
FNDA:0,getSupplierRows
FNDA:0,(anonymous_13)
FNDA:0,(anonymous_14)
FNDA:0,getOrdersBySupplier
FNDA:0,(anonymous_16)
FNDA:0,listSuppliers
FNDA:0,(anonymous_18)
FNDA:0,recalculateSupplierMetrics
DA:3,2
DA:5,2
DA:16,3
DA:17,3
DA:18,3
DA:22,2
DA:23,2
DA:27,6
DA:28,5
DA:29,5
DA:33,5
DA:37,2
DA:41,2
DA:42,2
DA:43,2
DA:45,2
DA:46,1
DA:47,0
DA:48,0
DA:52,1
DA:53,1
DA:54,1
DA:55,1
DA:59,3
DA:60,1
DA:61,1
DA:63,1
DA:64,1
DA:65,1
DA:67,1
DA:68,1
DA:69,1
DA:71,1
DA:73,1
DA:85,0
DA:105,0
DA:106,0
DA:107,0
DA:108,0
DA:111,0
DA:118,0
DA:137,0
DA:138,0
DA:139,0
DA:140,0
DA:145,0
DA:146,0
DA:147,0
DA:149,0
DA:150,0
DA:152,0
DA:153,0
DA:154,0
DA:162,0
DA:166,0
DA:168,0
DA:171,0
DA:173,0
DA:188,0
DA:189,0
DA:200,0
DA:203,2
LF:62
LH:33
BRDA:16,0,0,3
BRDA:16,0,1,0
BRDA:17,1,0,0
BRDA:17,1,1,3
BRDA:18,2,0,3
BRDA:18,2,1,1
BRDA:21,3,0,2
BRDA:23,4,0,2
BRDA:23,4,1,0
BRDA:27,5,0,1
BRDA:27,5,1,5
BRDA:29,6,0,0
BRDA:29,6,1,5
BRDA:33,7,0,5
BRDA:33,7,1,4
BRDA:33,7,2,4
BRDA:37,8,0,2
BRDA:37,8,1,1
BRDA:40,9,0,0
BRDA:41,10,0,0
BRDA:41,10,1,2
BRDA:45,11,0,1
BRDA:45,11,1,1
BRDA:46,12,0,1
BRDA:46,12,1,0
BRDA:46,13,0,1
BRDA:46,13,1,1
BRDA:47,14,0,0
BRDA:47,14,1,0
BRDA:47,15,0,0
BRDA:47,15,1,0
BRDA:52,16,0,1
BRDA:52,16,1,0
BRDA:53,17,0,1
BRDA:53,17,1,0
BRDA:54,18,0,0
BRDA:54,18,1,1
BRDA:54,19,0,1
BRDA:54,19,1,1
BRDA:64,20,0,1
BRDA:64,20,1,0
BRDA:67,21,0,1
BRDA:67,21,1,0
BRDA:68,22,0,1
BRDA:68,22,1,0
BRDA:84,23,0,0
BRDA:84,24,0,0
BRDA:84,25,0,0
BRDA:84,26,0,0
BRDA:105,27,0,0
BRDA:105,27,1,0
BRDA:106,28,0,0
BRDA:106,28,1,0
BRDA:108,29,0,0
BRDA:108,29,1,0
BRDA:138,30,0,0
BRDA:138,30,1,0
BRDA:144,31,0,0
BRDA:145,32,0,0
BRDA:145,32,1,0
BRDA:146,33,0,0
BRDA:146,33,1,0
BRDA:147,34,0,0
BRDA:147,34,1,0
BRDA:153,35,0,0
BRDA:153,35,1,0
BRDA:157,36,0,0
BRDA:157,36,1,0
BRDA:157,36,2,0
BRDA:166,37,0,0
BRDA:166,37,1,0
BRDA:171,38,0,0
BRDA:171,38,1,0
BRF:73
BRH:28
end_of_record
TN:
SF:srv\services\syncSAPService.js
FN:14,isPostgres
FN:20,p
FN:24,scalar
FN:42,text
FN:47,limitText
FN:53,bind
FN:54,(anonymous_6)
FN:57,parseBoolean
FN:69,mapApprovalStatus
FN:153,parseODataResponse
FN:204,parseDate
FN:247,parseDecimal
FN:276,validateRequired
FN:294,mapSAPOrderToCDS
FN:430,mapSAPItemsToCDS
FN:475,computeOrderAmountFromItems
FN:477,(anonymous_16)
FN:496,getHttpStatus
FN:500,isRetryableError
FN:505,toODataDateTimeOffset
FN:517,buildPurchaseOrderUrl
FN:532,normalizeSapRelativeUrl
FN:552,_withRetry
FN:567,(anonymous_23)
FN:593,syncDelta
FN:695,ensurePostgresSyncSchema
FN:727,_fetchAllPagesFromSAP
FN:751,(anonymous_27)
FN:783,_callSAPDestination
FN:809,_getNextLink
FN:833,_processOneOrder
FN:984,(anonymous_31)
FN:1017,_getLastSyncDate
FN:1044,_getMockSAPData
FNF:34
FNH:8
FNDA:0,isPostgres
FNDA:0,p
FNDA:9,scalar
FNDA:6,text
FNDA:5,limitText
FNDA:0,bind
FNDA:0,(anonymous_6)
FNDA:0,parseBoolean
FNDA:0,mapApprovalStatus
FNDA:0,parseODataResponse
FNDA:0,parseDate
FNDA:3,parseDecimal
FNDA:0,validateRequired
FNDA:0,mapSAPOrderToCDS
FNDA:1,mapSAPItemsToCDS
FNDA:0,computeOrderAmountFromItems
FNDA:0,(anonymous_16)
FNDA:0,getHttpStatus
FNDA:0,isRetryableError
FNDA:2,toODataDateTimeOffset
FNDA:1,buildPurchaseOrderUrl
FNDA:1,normalizeSapRelativeUrl
FNDA:0,_withRetry
FNDA:0,(anonymous_23)
FNDA:0,syncDelta
FNDA:0,ensurePostgresSyncSchema
FNDA:0,_fetchAllPagesFromSAP
FNDA:0,(anonymous_27)
FNDA:0,_callSAPDestination
FNDA:0,_getNextLink
FNDA:0,_processOneOrder
FNDA:0,(anonymous_31)
FNDA:0,_getLastSyncDate
FNDA:0,_getMockSAPData
DA:3,1
DA:4,1
DA:5,1
DA:9,1
DA:15,0
DA:16,0
DA:17,0
DA:21,0
DA:25,9
DA:26,9
DA:27,9
DA:28,9
DA:29,0
DA:30,0
DA:31,0
DA:32,0
DA:33,0
DA:34,0
DA:35,0
DA:36,0
DA:37,0
DA:39,0
DA:43,6
DA:44,6
DA:48,5
DA:49,5
DA:50,5
DA:54,0
DA:58,0
DA:59,0
DA:60,0
DA:61,0
DA:62,0
DA:63,0
DA:64,0
DA:66,0
DA:71,0
DA:72,0
DA:75,0
DA:76,0
DA:77,0
DA:81,0
DA:82,0
DA:83,0
DA:86,0
DA:97,1
DA:114,1
DA:123,1
DA:129,1
DA:154,0
DA:156,0
DA:157,0
DA:160,0
DA:163,0
DA:164,0
DA:167,0
DA:168,0
DA:171,0
DA:172,0
DA:175,0
DA:176,0
DA:179,0
DA:182,0
DA:205,0
DA:206,0
DA:207,0
DA:213,0
DA:214,0
DA:215,0
DA:218,0
DA:219,0
DA:223,0
DA:226,0
DA:227,0
DA:231,0
DA:232,0
DA:233,0
DA:236,0
DA:248,3
DA:249,3
DA:251,3
DA:252,0
DA:256,3
DA:260,3
DA:262,3
DA:263,0
DA:266,3
DA:267,0
DA:270,3
DA:277,0
DA:278,0
DA:279,0
DA:281,0
DA:295,0
DA:296,0
DA:299,0
DA:300,0
DA:301,0
DA:304,0
DA:305,0
DA:309,0
DA:310,0
DA:311,0
DA:312,0
DA:316,0
DA:317,0
DA:318,0
DA:322,0
DA:323,0
DA:325,0
DA:326,0
DA:328,0
DA:329,0
DA:334,0
DA:337,0
DA:338,0
DA:342,0
DA:343,0
DA:345,0
DA:346,0
DA:347,0
DA:348,0
DA:352,0
DA:356,0
DA:359,0
DA:360,0
DA:361,0
DA:362,0
DA:363,0
DA:364,0
DA:368,0
DA:369,0
DA:406,0
DA:407,0
DA:421,0
DA:431,1
DA:432,0
DA:435,1
DA:436,1
DA:438,1
DA:440,1
DA:441,0
DA:442,0
DA:445,1
DA:446,1
DA:447,1
DA:448,1
DA:449,1
DA:453,1
DA:454,1
DA:456,1
DA:472,1
DA:476,0
DA:477,0
DA:478,0
DA:479,0
DA:481,0
DA:482,0
DA:483,0
DA:484,0
DA:493,1
DA:494,1
DA:497,0
DA:501,0
DA:502,0
DA:506,2
DA:507,2
DA:509,2
DA:510,0
DA:511,0
DA:514,2
DA:518,1
DA:519,1
DA:524,1
DA:525,1
DA:526,1
DA:529,1
DA:533,1
DA:534,1
DA:536,1
DA:537,1
DA:538,1
DA:540,0
DA:554,0
DA:555,0
DA:556,0
DA:558,0
DA:559,0
DA:560,0
DA:561,0
DA:563,0
DA:564,0
DA:565,0
DA:567,0
DA:571,0
DA:594,0
DA:595,0
DA:596,0
DA:597,0
DA:598,0
DA:601,0
DA:602,0
DA:603,0
DA:604,0
DA:610,0
DA:614,0
DA:616,0
DA:617,0
DA:620,0
DA:623,0
DA:625,0
DA:628,0
DA:629,0
DA:630,0
DA:631,0
DA:632,0
DA:633,0
DA:635,0
DA:636,0
DA:641,0
DA:646,0
DA:647,0
DA:648,0
DA:657,0
DA:661,0
DA:662,0
DA:675,0
DA:676,0
DA:683,0
DA:686,0
DA:687,0
DA:690,0
DA:692,0
DA:696,0
DA:698,0
DA:706,0
DA:707,0
DA:708,0
DA:710,0
DA:730,0
DA:731,0
DA:732,0
DA:738,0
DA:739,0
DA:741,0
DA:742,0
DA:743,0
DA:745,0
DA:746,0
DA:747,0
DA:750,0
DA:751,0
DA:756,0
DA:757,0
DA:758,0
DA:761,0
DA:764,0
DA:765,0
DA:766,0
DA:770,0
DA:771,0
DA:774,0
DA:775,0
DA:784,0
DA:785,0
DA:786,0
DA:787,0
DA:789,0
DA:790,0
DA:793,0
DA:794,0
DA:795,0
DA:796,0
DA:797,0
DA:798,0
DA:810,0
DA:813,0
DA:814,0
DA:818,0
DA:819,0
DA:823,0
DA:824,0
DA:827,0
DA:835,0
DA:837,0
DA:838,0
DA:841,0
DA:842,0
DA:845,0
DA:850,0
DA:851,0
DA:855,0
DA:856,0
DA:857,0
DA:862,0
DA:863,0
DA:864,0
DA:881,0
DA:882,0
DA:903,0
DA:911,0
DA:913,0
DA:914,0
DA:929,0
DA:932,0
DA:933,0
DA:951,0
DA:955,0
DA:956,0
DA:957,0
DA:961,0
DA:962,0
DA:963,0
DA:964,0
DA:976,0
DA:982,0
DA:983,0
DA:985,0
DA:986,0
DA:987,0
DA:988,0
DA:992,0
DA:993,0
DA:999,0
DA:1000,0
DA:1003,0
DA:1018,0
DA:1019,0
DA:1025,0
DA:1026,0
DA:1027,0
DA:1028,0
DA:1031,0
DA:1035,0
DA:1036,0
DA:1037,0
DA:1045,0
DA:1109,1
LF:338
LH:57
BRDA:15,0,0,0
BRDA:15,0,1,0
BRDA:16,1,0,0
BRDA:16,1,1,0
BRDA:16,1,2,0
BRDA:17,2,0,0
BRDA:17,2,1,0
BRDA:21,3,0,0
BRDA:21,3,1,0
BRDA:24,4,0,3
BRDA:25,5,0,0
BRDA:25,5,1,9
BRDA:25,6,0,9
BRDA:25,6,1,9
BRDA:25,6,2,9
BRDA:26,7,0,0
BRDA:26,7,1,9
BRDA:27,8,0,0
BRDA:27,8,1,9
BRDA:27,9,0,0
BRDA:27,9,1,0
BRDA:28,10,0,9
BRDA:28,10,1,0
BRDA:29,11,0,0
BRDA:29,11,1,0
BRDA:30,12,0,0
BRDA:30,12,1,0
BRDA:30,13,0,0
BRDA:30,13,1,0
BRDA:31,14,0,0
BRDA:31,14,1,0
BRDA:32,15,0,0
BRDA:32,15,1,0
BRDA:33,16,0,0
BRDA:33,16,1,0
BRDA:34,17,0,0
BRDA:34,17,1,0
BRDA:35,18,0,0
BRDA:35,18,1,0
BRDA:36,19,0,0
BRDA:36,19,1,0
BRDA:42,20,0,0
BRDA:44,21,0,0
BRDA:44,21,1,6
BRDA:44,22,0,6
BRDA:44,22,1,6
BRDA:47,23,0,3
BRDA:49,24,0,0
BRDA:49,24,1,5
BRDA:49,25,0,5
BRDA:49,25,1,5
BRDA:50,26,0,0
BRDA:50,26,1,5
BRDA:59,27,0,0
BRDA:59,27,1,0
BRDA:59,28,0,0
BRDA:59,28,1,0
BRDA:60,29,0,0
BRDA:60,29,1,0
BRDA:60,30,0,0
BRDA:60,30,1,0
BRDA:61,31,0,0
BRDA:61,31,1,0
BRDA:63,32,0,0
BRDA:63,32,1,0
BRDA:64,33,0,0
BRDA:64,33,1,0
BRDA:71,34,0,0
BRDA:71,34,1,0
BRDA:72,35,0,0
BRDA:72,35,1,0
BRDA:76,36,0,0
BRDA:76,36,1,0
BRDA:77,37,0,0
BRDA:77,37,1,0
BRDA:83,38,0,0
BRDA:83,38,1,0
BRDA:83,39,0,0
BRDA:83,39,1,0
BRDA:156,40,0,0
BRDA:156,40,1,0
BRDA:156,41,0,0
BRDA:156,41,1,0
BRDA:163,42,0,0
BRDA:163,42,1,0
BRDA:167,43,0,0
BRDA:167,43,1,0
BRDA:167,44,0,0
BRDA:167,44,1,0
BRDA:171,45,0,0
BRDA:171,45,1,0
BRDA:171,46,0,0
BRDA:171,46,1,0
BRDA:175,47,0,0
BRDA:175,47,1,0
BRDA:206,48,0,0
BRDA:206,48,1,0
BRDA:206,49,0,0
BRDA:206,49,1,0
BRDA:213,50,0,0
BRDA:213,50,1,0
BRDA:213,51,0,0
BRDA:213,51,1,0
BRDA:218,52,0,0
BRDA:218,52,1,0
BRDA:226,53,0,0
BRDA:226,53,1,0
BRDA:232,54,0,0
BRDA:232,54,1,0
BRDA:232,55,0,0
BRDA:232,55,1,0
BRDA:247,56,0,3
BRDA:248,57,0,3
BRDA:248,58,0,3
BRDA:251,59,0,0
BRDA:251,59,1,3
BRDA:251,60,0,3
BRDA:251,60,1,3
BRDA:251,60,2,3
BRDA:256,61,0,2
BRDA:256,61,1,1
BRDA:262,62,0,0
BRDA:262,62,1,3
BRDA:266,63,0,0
BRDA:266,63,1,3
BRDA:266,64,0,3
BRDA:266,64,1,3
BRDA:278,65,0,0
BRDA:278,65,1,0
BRDA:278,66,0,0
BRDA:278,66,1,0
BRDA:278,66,2,0
BRDA:278,66,3,0
BRDA:301,67,0,0
BRDA:301,67,1,0
BRDA:304,68,0,0
BRDA:304,68,1,0
BRDA:311,69,0,0
BRDA:311,69,1,0
BRDA:317,70,0,0
BRDA:317,70,1,0
BRDA:323,71,0,0
BRDA:323,71,1,0
BRDA:325,72,0,0
BRDA:325,72,1,0
BRDA:326,73,0,0
BRDA:326,73,1,0
BRDA:329,74,0,0
BRDA:329,74,1,0
BRDA:334,75,0,0
BRDA:334,75,1,0
BRDA:335,76,0,0
BRDA:335,76,1,0
BRDA:337,77,0,0
BRDA:337,77,1,0
BRDA:338,78,0,0
BRDA:338,78,1,0
BRDA:338,78,2,0
BRDA:338,78,3,0
BRDA:343,79,0,0
BRDA:343,79,1,0
BRDA:345,80,0,0
BRDA:345,80,1,0
BRDA:353,81,0,0
BRDA:353,81,1,0
BRDA:353,81,2,0
BRDA:353,81,3,0
BRDA:356,82,0,0
BRDA:356,82,1,0
BRDA:361,83,0,0
BRDA:361,83,1,0
BRDA:361,84,0,0
BRDA:361,84,1,0
BRDA:363,85,0,0
BRDA:363,85,1,0
BRDA:363,86,0,0
BRDA:363,86,1,0
BRDA:372,87,0,0
BRDA:372,87,1,0
BRDA:374,88,0,0
BRDA:374,88,1,0
BRDA:375,89,0,0
BRDA:375,89,1,0
BRDA:378,90,0,0
BRDA:378,90,1,0
BRDA:379,91,0,0
BRDA:379,91,1,0
BRDA:381,92,0,0
BRDA:381,92,1,0
BRDA:386,93,0,0
BRDA:386,93,1,0
BRDA:387,94,0,0
BRDA:387,94,1,0
BRDA:388,95,0,0
BRDA:388,95,1,0
BRDA:389,96,0,0
BRDA:389,96,1,0
BRDA:393,97,0,0
BRDA:393,97,1,0
BRDA:393,97,2,0
BRDA:406,98,0,0
BRDA:406,98,1,0
BRDA:408,99,0,0
BRDA:408,99,1,0
BRDA:410,100,0,0
BRDA:410,100,1,0
BRDA:410,100,2,0
BRDA:431,101,0,0
BRDA:431,101,1,1
BRDA:431,102,0,1
BRDA:431,102,1,1
BRDA:440,103,0,0
BRDA:440,103,1,1
BRDA:440,104,0,1
BRDA:440,104,1,0
BRDA:445,105,0,1
BRDA:445,105,1,0
BRDA:446,106,0,1
BRDA:446,106,1,0
BRDA:447,107,0,1
BRDA:447,107,1,0
BRDA:447,107,2,0
BRDA:448,108,0,0
BRDA:448,108,1,1
BRDA:449,109,0,0
BRDA:449,109,1,1
BRDA:451,110,0,0
BRDA:451,110,1,1
BRDA:453,111,0,0
BRDA:453,111,1,1
BRDA:454,112,0,0
BRDA:454,112,1,1
BRDA:458,113,0,1
BRDA:458,113,1,0
BRDA:459,114,0,1
BRDA:459,114,1,0
BRDA:460,115,0,1
BRDA:460,115,1,0
BRDA:464,116,0,1
BRDA:464,116,1,0
BRDA:464,116,2,0
BRDA:464,116,3,0
BRDA:465,117,0,1
BRDA:465,117,1,1
BRDA:465,118,0,1
BRDA:465,118,1,1
BRDA:465,118,2,1
BRDA:467,119,0,1
BRDA:467,119,1,0
BRDA:467,120,0,1
BRDA:467,120,1,1
BRDA:468,121,0,1
BRDA:468,121,1,0
BRDA:476,122,0,0
BRDA:476,122,1,0
BRDA:476,123,0,0
BRDA:476,123,1,0
BRDA:478,124,0,0
BRDA:478,124,1,0
BRDA:479,125,0,0
BRDA:479,125,1,0
BRDA:481,126,0,0
BRDA:481,126,1,0
BRDA:482,127,0,0
BRDA:482,127,1,0
BRDA:483,128,0,0
BRDA:483,128,1,0
BRDA:483,129,0,0
BRDA:483,129,1,0
BRDA:483,129,2,0
BRDA:497,130,0,0
BRDA:497,130,1,0
BRDA:497,130,2,0
BRDA:497,130,3,0
BRDA:497,130,4,0
BRDA:502,131,0,0
BRDA:502,131,1,0
BRDA:502,131,2,0
BRDA:502,131,3,0
BRDA:506,132,0,2
BRDA:506,132,1,0
BRDA:507,133,0,2
BRDA:507,133,1,0
BRDA:509,134,0,0
BRDA:509,134,1,2
BRDA:524,135,0,1
BRDA:524,135,1,0
BRDA:533,136,0,0
BRDA:533,136,1,1
BRDA:533,137,0,1
BRDA:533,137,1,1
BRDA:534,138,0,0
BRDA:534,138,1,1
BRDA:552,139,0,0
BRDA:559,140,0,0
BRDA:559,140,1,0
BRDA:563,141,0,0
BRDA:563,141,1,0
BRDA:593,142,0,0
BRDA:593,143,0,0
BRDA:601,144,0,0
BRDA:601,144,1,0
BRDA:602,145,0,0
BRDA:602,145,1,0
BRDA:631,146,0,0
BRDA:631,146,1,0
BRDA:632,147,0,0
BRDA:632,147,1,0
BRDA:637,148,0,0
BRDA:637,148,1,0
BRDA:654,149,0,0
BRDA:654,149,1,0
BRDA:661,150,0,0
BRDA:661,150,1,0
BRDA:661,151,0,0
BRDA:661,151,1,0
BRDA:661,151,2,0
BRDA:696,152,0,0
BRDA:696,152,1,0
BRDA:730,153,0,0
BRDA:730,153,1,0
BRDA:738,154,0,0
BRDA:738,154,1,0
BRDA:745,155,0,0
BRDA:745,155,1,0
BRDA:757,156,0,0
BRDA:757,156,1,0
BRDA:765,157,0,0
BRDA:765,157,1,0
BRDA:770,158,0,0
BRDA:770,158,1,0
BRDA:790,159,0,0
BRDA:790,159,1,0
BRDA:790,160,0,0
BRDA:790,160,1,0
BRDA:796,161,0,0
BRDA:796,161,1,0
BRDA:810,162,0,0
BRDA:810,162,1,0
BRDA:810,163,0,0
BRDA:810,163,1,0
BRDA:813,164,0,0
BRDA:813,164,1,0
BRDA:818,165,0,0
BRDA:818,165,1,0
BRDA:823,166,0,0
BRDA:823,166,1,0
BRDA:837,167,0,0
BRDA:837,167,1,0
BRDA:841,168,0,0
BRDA:841,168,1,0
BRDA:845,169,0,0
BRDA:845,169,1,0
BRDA:845,169,2,0
BRDA:845,169,3,0
BRDA:850,170,0,0
BRDA:850,170,1,0
BRDA:850,171,0,0
BRDA:850,171,1,0
BRDA:850,171,2,0
BRDA:856,172,0,0
BRDA:856,172,1,0
BRDA:862,173,0,0
BRDA:862,173,1,0
BRDA:911,174,0,0
BRDA:911,174,1,0
BRDA:955,175,0,0
BRDA:955,175,1,0
BRDA:983,176,0,0
BRDA:983,176,1,0
BRDA:986,177,0,0
BRDA:986,177,1,0
BRDA:986,177,2,0
BRDA:987,178,0,0
BRDA:987,178,1,0
BRDA:988,179,0,0
BRDA:988,179,1,0
BRDA:988,179,2,0
BRDA:992,180,0,0
BRDA:992,180,1,0
BRDA:999,181,0,0
BRDA:999,181,1,0
BRDA:1025,182,0,0
BRDA:1025,182,1,0
BRDA:1025,183,0,0
BRDA:1025,183,1,0
BRF:386
BRH:63
end_of_record
TN:
SF:srv\utils\csvFallback.js
FN:9,csvFallbackEnabled
FN:13,isRecoverableDbError
FN:48,parseCsvLine
FN:81,coerceValue
FN:90,getCsvReadErrors
FN:94,readCsv
FN:126,(anonymous_6)
FN:128,(anonymous_7)
FN:146,readOrdersFallback
FN:147,(anonymous_9)
FN:148,(anonymous_10)
FN:151,(anonymous_11)
FN:152,(anonymous_12)
FN:155,(anonymous_13)
FN:168,readSuppliersFallback
FN:174,(anonymous_15)
FN:175,(anonymous_16)
FN:178,(anonymous_17)
FN:181,(anonymous_18)
FN:182,(anonymous_19)
FN:190,(anonymous_20)
FN:191,(anonymous_21)
FN:198,parseJsonField
FN:207,findUserFallback
FN:212,(anonymous_24)
FN:220,normalizeUserFallback
FN:230,readUsersFallback
FN:232,(anonymous_27)
FN:237,readAlertsFallback
FN:238,(anonymous_29)
FN:240,(anonymous_30)
FN:242,(anonymous_31)
FN:259,readHistoryFallback
FN:260,(anonymous_33)
FN:261,(anonymous_34)
FN:263,(anonymous_35)
FN:265,(anonymous_36)
FN:284,readSyncJobsFallback
FN:286,(anonymous_38)
FN:288,(anonymous_39)
FN:297,readMlModelsFallback
FN:299,(anonymous_41)
FN:300,(anonymous_42)
FNF:43
FNH:1
FNDA:0,csvFallbackEnabled
FNDA:7,isRecoverableDbError
FNDA:0,parseCsvLine
FNDA:0,coerceValue
FNDA:0,getCsvReadErrors
FNDA:0,readCsv
FNDA:0,(anonymous_6)
FNDA:0,(anonymous_7)
FNDA:0,readOrdersFallback
FNDA:0,(anonymous_9)
FNDA:0,(anonymous_10)
FNDA:0,(anonymous_11)
FNDA:0,(anonymous_12)
FNDA:0,(anonymous_13)
FNDA:0,readSuppliersFallback
FNDA:0,(anonymous_15)
FNDA:0,(anonymous_16)
FNDA:0,(anonymous_17)
FNDA:0,(anonymous_18)
FNDA:0,(anonymous_19)
FNDA:0,(anonymous_20)
FNDA:0,(anonymous_21)
FNDA:0,parseJsonField
FNDA:0,findUserFallback
FNDA:0,(anonymous_24)
FNDA:0,normalizeUserFallback
FNDA:0,readUsersFallback
FNDA:0,(anonymous_27)
FNDA:0,readAlertsFallback
FNDA:0,(anonymous_29)
FNDA:0,(anonymous_30)
FNDA:0,(anonymous_31)
FNDA:0,readHistoryFallback
FNDA:0,(anonymous_33)
FNDA:0,(anonymous_34)
FNDA:0,(anonymous_35)
FNDA:0,(anonymous_36)
FNDA:0,readSyncJobsFallback
FNDA:0,(anonymous_38)
FNDA:0,(anonymous_39)
FNDA:0,readMlModelsFallback
FNDA:0,(anonymous_41)
FNDA:0,(anonymous_42)
DA:3,2
DA:4,2
DA:6,2
DA:7,2
DA:10,0
DA:14,7
DA:15,7
DA:16,7
DA:17,7
DA:35,7
DA:49,0
DA:50,0
DA:51,0
DA:53,0
DA:54,0
DA:55,0
DA:57,0
DA:58,0
DA:59,0
DA:60,0
DA:63,0
DA:64,0
DA:65,0
DA:68,0
DA:69,0
DA:70,0
DA:71,0
DA:74,0
DA:77,0
DA:78,0
DA:82,0
DA:83,0
DA:84,0
DA:85,0
DA:88,2
DA:91,0
DA:95,0
DA:97,0
DA:99,0
DA:100,0
DA:101,0
DA:102,0
DA:103,0
DA:104,0
DA:107,0
DA:108,0
DA:109,0
DA:110,0
DA:111,0
DA:112,0
DA:115,0
DA:116,0
DA:118,0
DA:119,0
DA:120,0
DA:121,0
DA:124,0
DA:127,0
DA:128,0
DA:129,0
DA:130,0
DA:134,0
DA:135,0
DA:136,0
DA:138,0
DA:139,0
DA:140,0
DA:141,0
DA:142,0
DA:147,0
DA:148,0
DA:150,0
DA:151,0
DA:152,0
DA:154,0
DA:155,0
DA:165,0
DA:169,0
DA:170,0
DA:172,0
DA:173,0
DA:174,0
DA:175,0
DA:178,0
DA:180,0
DA:181,0
DA:182,0
DA:183,0
DA:190,0
DA:191,0
DA:195,0
DA:199,0
DA:200,0
DA:201,0
DA:203,0
DA:208,0
DA:212,0
DA:213,0
DA:221,0
DA:222,0
DA:231,0
DA:232,0
DA:233,0
DA:234,0
DA:238,0
DA:239,0
DA:240,0
DA:243,0
DA:244,0
DA:256,0
DA:260,0
DA:261,0
DA:262,0
DA:263,0
DA:266,0
DA:267,0
DA:268,0
DA:281,0
DA:285,0
DA:286,0
DA:288,0
DA:294,0
DA:298,0
DA:299,0
DA:300,0
DA:309,0
DA:312,2
LF:127
LH:11
BRDA:14,0,0,7
BRDA:14,0,1,4
BRDA:15,1,0,7
BRDA:15,1,1,6
BRDA:15,1,2,6
BRDA:16,2,0,7
BRDA:16,2,1,0
BRDA:16,2,2,0
BRDA:35,3,0,7
BRDA:35,3,1,4
BRDA:35,3,2,4
BRDA:35,3,3,3
BRDA:35,3,4,3
BRDA:35,3,5,3
BRDA:35,3,6,3
BRDA:35,3,7,2
BRDA:35,3,8,2
BRDA:35,3,9,1
BRDA:35,3,10,1
BRDA:57,4,0,0
BRDA:57,4,1,0
BRDA:57,5,0,0
BRDA:57,5,1,0
BRDA:57,5,2,0
BRDA:63,6,0,0
BRDA:63,6,1,0
BRDA:68,7,0,0
BRDA:68,7,1,0
BRDA:68,8,0,0
BRDA:68,8,1,0
BRDA:82,9,0,0
BRDA:82,9,1,0
BRDA:83,10,0,0
BRDA:83,10,1,0
BRDA:84,11,0,0
BRDA:84,11,1,0
BRDA:95,12,0,0
BRDA:95,12,1,0
BRDA:99,13,0,0
BRDA:99,13,1,0
BRDA:109,14,0,0
BRDA:109,14,1,0
BRDA:118,15,0,0
BRDA:118,15,1,0
BRDA:129,16,0,0
BRDA:129,16,1,0
BRDA:146,17,0,0
BRDA:146,18,0,0
BRDA:146,19,0,0
BRDA:146,20,0,0
BRDA:151,21,0,0
BRDA:151,21,1,0
BRDA:152,22,0,0
BRDA:152,22,1,0
BRDA:152,23,0,0
BRDA:152,23,1,0
BRDA:157,24,0,0
BRDA:157,24,1,0
BRDA:158,25,0,0
BRDA:158,25,1,0
BRDA:159,26,0,0
BRDA:159,26,1,0
BRDA:160,27,0,0
BRDA:160,27,1,0
BRDA:161,28,0,0
BRDA:161,28,1,0
BRDA:162,29,0,0
BRDA:162,29,1,0
BRDA:168,30,0,0
BRDA:168,31,0,0
BRDA:168,32,0,0
BRDA:168,33,0,0
BRDA:170,34,0,0
BRDA:170,34,1,0
BRDA:173,35,0,0
BRDA:173,35,1,0
BRDA:175,36,0,0
BRDA:175,36,1,0
BRDA:178,37,0,0
BRDA:178,37,1,0
BRDA:178,38,0,0
BRDA:178,38,1,0
BRDA:185,39,0,0
BRDA:185,39,1,0
BRDA:186,40,0,0
BRDA:186,40,1,0
BRDA:187,41,0,0
BRDA:187,41,1,0
BRDA:188,42,0,0
BRDA:188,42,1,0
BRDA:191,43,0,0
BRDA:191,43,1,0
BRDA:198,44,0,0
BRDA:199,45,0,0
BRDA:199,45,1,0
BRDA:199,46,0,0
BRDA:199,46,1,0
BRDA:199,47,0,0
BRDA:199,47,1,0
BRDA:208,48,0,0
BRDA:208,48,1,0
BRDA:208,49,0,0
BRDA:208,49,1,0
BRDA:212,50,0,0
BRDA:212,50,1,0
BRDA:213,51,0,0
BRDA:213,51,1,0
BRDA:213,51,2,0
BRDA:213,51,3,0
BRDA:221,52,0,0
BRDA:221,52,1,0
BRDA:224,53,0,0
BRDA:224,53,1,0
BRDA:230,54,0,0
BRDA:230,55,0,0
BRDA:230,56,0,0
BRDA:232,57,0,0
BRDA:232,57,1,0
BRDA:232,58,0,0
BRDA:232,58,1,0
BRDA:232,59,0,0
BRDA:232,59,1,0
BRDA:232,60,0,0
BRDA:232,60,1,0
BRDA:237,61,0,0
BRDA:237,62,0,0
BRDA:240,63,0,0
BRDA:240,63,1,0
BRDA:240,64,0,0
BRDA:240,64,1,0
BRDA:246,65,0,0
BRDA:246,65,1,0
BRDA:247,66,0,0
BRDA:247,66,1,0
BRDA:250,67,0,0
BRDA:250,67,1,0
BRDA:259,68,0,0
BRDA:259,69,0,0
BRDA:263,70,0,0
BRDA:263,70,1,0
BRDA:263,71,0,0
BRDA:263,71,1,0
BRDA:270,72,0,0
BRDA:270,72,1,0
BRDA:275,73,0,0
BRDA:275,73,1,0
BRDA:284,74,0,0
BRDA:284,75,0,0
BRDA:286,76,0,0
BRDA:286,76,1,0
BRDA:286,76,2,0
BRDA:286,77,0,0
BRDA:286,77,1,0
BRDA:286,77,2,0
BRDA:290,78,0,0
BRDA:290,78,1,0
BRDA:291,79,0,0
BRDA:291,79,1,0
BRDA:292,80,0,0
BRDA:292,80,1,0
BRDA:299,81,0,0
BRDA:299,81,1,0
BRDA:299,82,0,0
BRDA:299,82,1,0
BRDA:302,83,0,0
BRDA:302,83,1,0
BRDA:303,84,0,0
BRDA:303,84,1,0
BRDA:304,85,0,0
BRDA:304,85,1,0
BRDA:305,86,0,0
BRDA:305,86,1,0
BRDA:306,87,0,0
BRDA:306,87,1,0
BRDA:307,88,0,0
BRDA:307,88,1,0
BRF:176
BRH:17
end_of_record
TN:
SF:srv\utils\identity.js
FN:3,normalizeArray
FN:10,decodeJwtPayload
FN:23,cleanText
FN:28,getIdentityFromPayload
FN:57,getIdentityFromUser
FNF:5
FNH:5
FNDA:28,normalizeArray
FNDA:1,decodeJwtPayload
FNDA:38,cleanText
FNDA:4,getIdentityFromPayload
FNDA:2,getIdentityFromUser
DA:4,28
DA:5,3
DA:6,0
DA:7,0
DA:11,1
DA:13,1
DA:14,1
DA:15,1
DA:16,1
DA:17,1
DA:19,0
DA:24,38
DA:25,28
DA:29,4
DA:30,4
DA:36,4
DA:37,4
DA:38,4
DA:39,4
DA:40,4
DA:42,4
DA:58,2
DA:61,2
DA:62,2
DA:63,2
DA:64,2
DA:65,2
DA:66,2
DA:67,2
DA:68,2
DA:70,2
DA:99,2
LF:32
LH:29
BRDA:4,0,0,25
BRDA:4,0,1,3
BRDA:5,1,0,3
BRDA:5,1,1,0
BRDA:6,2,0,0
BRDA:6,2,1,0
BRDA:11,3,0,0
BRDA:11,3,1,1
BRDA:11,4,0,1
BRDA:11,4,1,1
BRDA:24,5,0,10
BRDA:24,5,1,28
BRDA:25,6,0,0
BRDA:25,6,1,28
BRDA:25,7,0,0
BRDA:25,7,1,0
BRDA:28,8,0,0
BRDA:29,9,0,4
BRDA:29,9,1,1
BRDA:31,10,0,4
BRDA:31,10,1,3
BRDA:31,10,2,2
BRDA:31,10,3,0
BRDA:40,11,0,4
BRDA:40,11,1,1
BRDA:40,11,2,0
BRDA:40,11,3,0
BRDA:40,11,4,0
BRDA:43,12,0,4
BRDA:43,12,1,0
BRDA:46,13,0,4
BRDA:46,13,1,3
BRDA:57,14,0,0
BRDA:58,15,0,2
BRDA:58,15,1,0
BRDA:60,16,0,0
BRDA:60,16,1,0
BRDA:60,16,2,0
BRDA:62,17,0,2
BRDA:62,17,1,1
BRDA:63,18,0,2
BRDA:63,18,1,2
BRDA:63,18,2,2
BRDA:64,19,0,2
BRDA:64,19,1,2
BRDA:64,19,2,1
BRDA:65,20,0,2
BRDA:65,20,1,2
BRDA:65,20,2,1
BRDA:67,21,0,2
BRDA:67,21,1,2
BRDA:67,21,2,0
BRDA:68,22,0,2
BRDA:68,22,1,2
BRDA:68,22,2,2
BRDA:71,23,0,2
BRDA:71,23,1,0
BRDA:71,23,2,0
BRDA:78,24,0,2
BRDA:78,24,1,0
BRDA:78,24,2,0
BRDA:78,24,3,0
BRDA:78,24,4,0
BRF:63
BRH:38
end_of_record
